{"/Users/andelarwanda/Documents/my_brand_api/src/app.js": {"path":"/Users/andelarwanda/Documents/my_brand_api/src/app.js","statementMap":{"0":{"start":{"line":5,"column":12},"end":{"line":5,"column":21}},"1":{"start":{"line":8,"column":11},"end":{"line":8,"column":35}},"2":{"start":{"line":11,"column":0},"end":{"line":11,"column":16}},"3":{"start":{"line":12,"column":0},"end":{"line":12,"column":15}},"4":{"start":{"line":13,"column":0},"end":{"line":13,"column":45}},"5":{"start":{"line":15,"column":0},"end":{"line":15,"column":11}},"6":{"start":{"line":17,"column":0},"end":{"line":17,"column":24}},"7":{"start":{"line":19,"column":0},"end":{"line":21,"column":3}},"8":{"start":{"line":20,"column":2},"end":{"line":20,"column":37}},"9":{"start":{"line":24,"column":0},"end":{"line":24,"column":20}}},"fnMap":{"0":{"name":"(anonymous_0)","decl":{"start":{"line":19,"column":17},"end":{"line":19,"column":18}},"loc":{"start":{"line":19,"column":23},"end":{"line":21,"column":1}},"line":19}},"branchMap":{"0":{"loc":{"start":{"line":8,"column":11},"end":{"line":8,"column":35}},"type":"binary-expr","locations":[{"start":{"line":8,"column":11},"end":{"line":8,"column":27}},{"start":{"line":8,"column":31},"end":{"line":8,"column":35}}],"line":8}},"s":{"0":1,"1":1,"2":1,"3":1,"4":1,"5":1,"6":1,"7":1,"8":1,"9":1},"f":{"0":1},"b":{"0":[1,0]},"_coverageSchema":"1a1c01bbd47fc00a2c39e90264f33305004495a9","hash":"91aaef9d8f4cd4788f06de8de90579d32188041b"}
,"/Users/andelarwanda/Documents/my_brand_api/src/config/cloudinary.js": {"path":"/Users/andelarwanda/Documents/my_brand_api/src/config/cloudinary.js","statementMap":{"0":{"start":{"line":1,"column":17},"end":{"line":1,"column":41}},"1":{"start":{"line":3,"column":0},"end":{"line":7,"column":3}},"2":{"start":{"line":10,"column":0},"end":{"line":10,"column":37}}},"fnMap":{},"branchMap":{},"s":{"0":1,"1":1,"2":1},"f":{},"b":{},"_coverageSchema":"1a1c01bbd47fc00a2c39e90264f33305004495a9","hash":"b0a1067851c676ce98c15dc72ba30b07475a294d"}
,"/Users/andelarwanda/Documents/my_brand_api/src/config/db.config.js": {"path":"/Users/andelarwanda/Documents/my_brand_api/src/config/db.config.js","statementMap":{"0":{"start":{"line":4,"column":0},"end":{"line":4,"column":16}},"1":{"start":{"line":8,"column":0},"end":{"line":19,"column":2}},"2":{"start":{"line":9,"column":2},"end":{"line":18,"column":50}},"3":{"start":{"line":18,"column":17},"end":{"line":18,"column":47}}},"fnMap":{"0":{"name":"(anonymous_0)","decl":{"start":{"line":8,"column":20},"end":{"line":8,"column":21}},"loc":{"start":{"line":8,"column":26},"end":{"line":19,"column":1}},"line":8},"1":{"name":"(anonymous_1)","decl":{"start":{"line":18,"column":10},"end":{"line":18,"column":11}},"loc":{"start":{"line":18,"column":16},"end":{"line":18,"column":48}},"line":18}},"branchMap":{"0":{"loc":{"start":{"line":10,"column":13},"end":{"line":14,"column":31}},"type":"cond-expr","locations":[{"start":{"line":11,"column":6},"end":{"line":11,"column":32}},{"start":{"line":12,"column":6},"end":{"line":14,"column":31}}],"line":10},"1":{"loc":{"start":{"line":12,"column":6},"end":{"line":14,"column":31}},"type":"cond-expr","locations":[{"start":{"line":13,"column":6},"end":{"line":13,"column":32}},{"start":{"line":14,"column":6},"end":{"line":14,"column":31}}],"line":12}},"s":{"0":1,"1":1,"2":1,"3":0},"f":{"0":1,"1":0},"b":{"0":[0,1],"1":[1,0]},"_coverageSchema":"1a1c01bbd47fc00a2c39e90264f33305004495a9","hash":"1149843df5870478a416119facd8e2162196abdb"}
,"/Users/andelarwanda/Documents/my_brand_api/src/controllers/articleController.js": {"path":"/Users/andelarwanda/Documents/my_brand_api/src/controllers/articleController.js","statementMap":{"0":{"start":{"line":9,"column":12},"end":{"line":9,"column":22}},"1":{"start":{"line":10,"column":9},"end":{"line":10,"column":49}},"2":{"start":{"line":11,"column":9},"end":{"line":11,"column":54}},"3":{"start":{"line":12,"column":11},"end":{"line":12,"column":30}},"4":{"start":{"line":14,"column":4},"end":{"line":14,"column":39}},"5":{"start":{"line":16,"column":0},"end":{"line":22,"column":2}},"6":{"start":{"line":17,"column":4},"end":{"line":20,"column":6}},"7":{"start":{"line":19,"column":8},"end":{"line":19,"column":24}},"8":{"start":{"line":24,"column":0},"end":{"line":63,"column":2}},"9":{"start":{"line":26,"column":4},"end":{"line":61,"column":5}},"10":{"start":{"line":27,"column":31},"end":{"line":27,"column":74}},"11":{"start":{"line":28,"column":8},"end":{"line":57,"column":6}},"12":{"start":{"line":31,"column":8},"end":{"line":31,"column":26}},"13":{"start":{"line":33,"column":8},"end":{"line":54,"column":9}},"14":{"start":{"line":35,"column":27},"end":{"line":40,"column":14}},"15":{"start":{"line":41,"column":12},"end":{"line":44,"column":13}},"16":{"start":{"line":42,"column":26},"end":{"line":42,"column":48}},"17":{"start":{"line":43,"column":12},"end":{"line":43,"column":40}},"18":{"start":{"line":45,"column":8},"end":{"line":49,"column":54}},"19":{"start":{"line":47,"column":12},"end":{"line":47,"column":28}},"20":{"start":{"line":49,"column":22},"end":{"line":49,"column":53}},"21":{"start":{"line":53,"column":12},"end":{"line":53,"column":65}},"22":{"start":{"line":56,"column":8},"end":{"line":56,"column":42}},"23":{"start":{"line":60,"column":8},"end":{"line":60,"column":33}},"24":{"start":{"line":65,"column":0},"end":{"line":102,"column":1}},"25":{"start":{"line":66,"column":15},"end":{"line":66,"column":25}},"26":{"start":{"line":67,"column":28},"end":{"line":67,"column":36}},"27":{"start":{"line":68,"column":4},"end":{"line":101,"column":5}},"28":{"start":{"line":69,"column":31},"end":{"line":69,"column":101}},"29":{"start":{"line":71,"column":8},"end":{"line":97,"column":2}},"30":{"start":{"line":74,"column":7},"end":{"line":94,"column":5}},"31":{"start":{"line":76,"column":8},"end":{"line":89,"column":10}},"32":{"start":{"line":78,"column":12},"end":{"line":79,"column":47}},"33":{"start":{"line":79,"column":12},"end":{"line":79,"column":47}},"34":{"start":{"line":80,"column":12},"end":{"line":81,"column":50}},"35":{"start":{"line":81,"column":12},"end":{"line":81,"column":50}},"36":{"start":{"line":82,"column":12},"end":{"line":84,"column":45}},"37":{"start":{"line":83,"column":26},"end":{"line":83,"column":54}},"38":{"start":{"line":84,"column":26},"end":{"line":84,"column":44}},"39":{"start":{"line":88,"column":12},"end":{"line":88,"column":67}},"40":{"start":{"line":93,"column":8},"end":{"line":93,"column":61}},"41":{"start":{"line":96,"column":4},"end":{"line":96,"column":38}},"42":{"start":{"line":100,"column":0},"end":{"line":100,"column":13}},"43":{"start":{"line":104,"column":0},"end":{"line":128,"column":1}},"44":{"start":{"line":105,"column":15},"end":{"line":105,"column":25}},"45":{"start":{"line":106,"column":4},"end":{"line":127,"column":2}},"46":{"start":{"line":111,"column":4},"end":{"line":124,"column":5}},"47":{"start":{"line":113,"column":8},"end":{"line":119,"column":10}},"48":{"start":{"line":115,"column":12},"end":{"line":115,"column":28}},"49":{"start":{"line":118,"column":12},"end":{"line":118,"column":67}},"50":{"start":{"line":123,"column":8},"end":{"line":123,"column":61}},"51":{"start":{"line":126,"column":4},"end":{"line":126,"column":38}},"52":{"start":{"line":132,"column":0},"end":{"line":158,"column":1}},"53":{"start":{"line":133,"column":23},"end":{"line":133,"column":33}},"54":{"start":{"line":134,"column":20},"end":{"line":134,"column":28}},"55":{"start":{"line":136,"column":4},"end":{"line":157,"column":2}},"56":{"start":{"line":139,"column":21},"end":{"line":144,"column":5}},"57":{"start":{"line":145,"column":4},"end":{"line":156,"column":62}},"58":{"start":{"line":147,"column":8},"end":{"line":154,"column":66}},"59":{"start":{"line":149,"column":12},"end":{"line":149,"column":46}},"60":{"start":{"line":150,"column":12},"end":{"line":152,"column":70}},"61":{"start":{"line":151,"column":26},"end":{"line":151,"column":42}},"62":{"start":{"line":152,"column":26},"end":{"line":152,"column":69}},"63":{"start":{"line":154,"column":13},"end":{"line":154,"column":66}},"64":{"start":{"line":156,"column":18},"end":{"line":156,"column":61}},"65":{"start":{"line":160,"column":0},"end":{"line":186,"column":1}},"66":{"start":{"line":161,"column":23},"end":{"line":161,"column":33}},"67":{"start":{"line":162,"column":18},"end":{"line":162,"column":29}},"68":{"start":{"line":164,"column":18},"end":{"line":166,"column":5}},"69":{"start":{"line":167,"column":4},"end":{"line":185,"column":50}},"70":{"start":{"line":169,"column":8},"end":{"line":183,"column":66}},"71":{"start":{"line":171,"column":26},"end":{"line":171,"column":96}},"72":{"start":{"line":171,"column":51},"end":{"line":171,"column":95}},"73":{"start":{"line":172,"column":12},"end":{"line":178,"column":13}},"74":{"start":{"line":173,"column":15},"end":{"line":173,"column":101}},"75":{"start":{"line":173,"column":56},"end":{"line":173,"column":100}},"76":{"start":{"line":177,"column":17},"end":{"line":177,"column":45}},"77":{"start":{"line":179,"column":12},"end":{"line":181,"column":70}},"78":{"start":{"line":180,"column":26},"end":{"line":180,"column":42}},"79":{"start":{"line":181,"column":26},"end":{"line":181,"column":69}},"80":{"start":{"line":183,"column":13},"end":{"line":183,"column":66}},"81":{"start":{"line":185,"column":18},"end":{"line":185,"column":49}},"82":{"start":{"line":189,"column":0},"end":{"line":201,"column":1}},"83":{"start":{"line":190,"column":15},"end":{"line":190,"column":25}},"84":{"start":{"line":191,"column":4},"end":{"line":200,"column":6}},"85":{"start":{"line":193,"column":8},"end":{"line":196,"column":55}},"86":{"start":{"line":194,"column":8},"end":{"line":194,"column":24}},"87":{"start":{"line":196,"column":8},"end":{"line":196,"column":55}},"88":{"start":{"line":199,"column":8},"end":{"line":199,"column":51}}},"fnMap":{"0":{"name":"(anonymous_0)","decl":{"start":{"line":16,"column":25},"end":{"line":16,"column":26}},"loc":{"start":{"line":16,"column":39},"end":{"line":22,"column":1}},"line":16},"1":{"name":"(anonymous_1)","decl":{"start":{"line":18,"column":10},"end":{"line":18,"column":11}},"loc":{"start":{"line":18,"column":18},"end":{"line":20,"column":5}},"line":18},"2":{"name":"(anonymous_2)","decl":{"start":{"line":24,"column":27},"end":{"line":24,"column":28}},"loc":{"start":{"line":24,"column":47},"end":{"line":63,"column":1}},"line":24},"3":{"name":"(anonymous_3)","decl":{"start":{"line":30,"column":16},"end":{"line":30,"column":17}},"loc":{"start":{"line":30,"column":32},"end":{"line":55,"column":5}},"line":30},"4":{"name":"(anonymous_4)","decl":{"start":{"line":46,"column":14},"end":{"line":46,"column":15}},"loc":{"start":{"line":46,"column":22},"end":{"line":48,"column":9}},"line":46},"5":{"name":"(anonymous_5)","decl":{"start":{"line":49,"column":15},"end":{"line":49,"column":16}},"loc":{"start":{"line":49,"column":22},"end":{"line":49,"column":53}},"line":49},"6":{"name":"(anonymous_6)","decl":{"start":{"line":55,"column":13},"end":{"line":55,"column":14}},"loc":{"start":{"line":55,"column":19},"end":{"line":57,"column":5}},"line":55},"7":{"name":"(anonymous_7)","decl":{"start":{"line":65,"column":22},"end":{"line":65,"column":23}},"loc":{"start":{"line":65,"column":39},"end":{"line":102,"column":1}},"line":65},"8":{"name":"(anonymous_8)","decl":{"start":{"line":73,"column":16},"end":{"line":73,"column":17}},"loc":{"start":{"line":73,"column":24},"end":{"line":95,"column":1}},"line":73},"9":{"name":"(anonymous_9)","decl":{"start":{"line":77,"column":14},"end":{"line":77,"column":15}},"loc":{"start":{"line":77,"column":23},"end":{"line":86,"column":9}},"line":77},"10":{"name":"(anonymous_10)","decl":{"start":{"line":83,"column":18},"end":{"line":83,"column":19}},"loc":{"start":{"line":83,"column":26},"end":{"line":83,"column":54}},"line":83},"11":{"name":"(anonymous_11)","decl":{"start":{"line":84,"column":19},"end":{"line":84,"column":20}},"loc":{"start":{"line":84,"column":26},"end":{"line":84,"column":44}},"line":84},"12":{"name":"(anonymous_12)","decl":{"start":{"line":87,"column":15},"end":{"line":87,"column":16}},"loc":{"start":{"line":87,"column":22},"end":{"line":89,"column":9}},"line":87},"13":{"name":"(anonymous_13)","decl":{"start":{"line":95,"column":9},"end":{"line":95,"column":10}},"loc":{"start":{"line":95,"column":15},"end":{"line":97,"column":1}},"line":95},"14":{"name":"(anonymous_14)","decl":{"start":{"line":104,"column":22},"end":{"line":104,"column":23}},"loc":{"start":{"line":104,"column":33},"end":{"line":128,"column":1}},"line":104},"15":{"name":"(anonymous_15)","decl":{"start":{"line":108,"column":12},"end":{"line":108,"column":13}},"loc":{"start":{"line":108,"column":20},"end":{"line":125,"column":1}},"line":108},"16":{"name":"(anonymous_16)","decl":{"start":{"line":114,"column":14},"end":{"line":114,"column":15}},"loc":{"start":{"line":114,"column":22},"end":{"line":116,"column":9}},"line":114},"17":{"name":"(anonymous_17)","decl":{"start":{"line":117,"column":15},"end":{"line":117,"column":16}},"loc":{"start":{"line":117,"column":22},"end":{"line":119,"column":9}},"line":117},"18":{"name":"(anonymous_18)","decl":{"start":{"line":125,"column":9},"end":{"line":125,"column":10}},"loc":{"start":{"line":125,"column":15},"end":{"line":127,"column":1}},"line":125},"19":{"name":"(anonymous_19)","decl":{"start":{"line":132,"column":28},"end":{"line":132,"column":29}},"loc":{"start":{"line":132,"column":39},"end":{"line":158,"column":1}},"line":132},"20":{"name":"(anonymous_20)","decl":{"start":{"line":138,"column":12},"end":{"line":138,"column":13}},"loc":{"start":{"line":138,"column":20},"end":{"line":157,"column":1}},"line":138},"21":{"name":"(anonymous_21)","decl":{"start":{"line":146,"column":10},"end":{"line":146,"column":11}},"loc":{"start":{"line":146,"column":19},"end":{"line":155,"column":5}},"line":146},"22":{"name":"(anonymous_22)","decl":{"start":{"line":151,"column":18},"end":{"line":151,"column":19}},"loc":{"start":{"line":151,"column":26},"end":{"line":151,"column":42}},"line":151},"23":{"name":"(anonymous_23)","decl":{"start":{"line":152,"column":19},"end":{"line":152,"column":20}},"loc":{"start":{"line":152,"column":26},"end":{"line":152,"column":69}},"line":152},"24":{"name":"(anonymous_24)","decl":{"start":{"line":156,"column":11},"end":{"line":156,"column":12}},"loc":{"start":{"line":156,"column":18},"end":{"line":156,"column":61}},"line":156},"25":{"name":"(anonymous_25)","decl":{"start":{"line":160,"column":20},"end":{"line":160,"column":21}},"loc":{"start":{"line":160,"column":31},"end":{"line":186,"column":1}},"line":160},"26":{"name":"(anonymous_26)","decl":{"start":{"line":168,"column":10},"end":{"line":168,"column":11}},"loc":{"start":{"line":168,"column":19},"end":{"line":184,"column":5}},"line":168},"27":{"name":"(anonymous_27)","decl":{"start":{"line":171,"column":45},"end":{"line":171,"column":46}},"loc":{"start":{"line":171,"column":51},"end":{"line":171,"column":95}},"line":171},"28":{"name":"(anonymous_28)","decl":{"start":{"line":173,"column":50},"end":{"line":173,"column":51}},"loc":{"start":{"line":173,"column":56},"end":{"line":173,"column":100}},"line":173},"29":{"name":"(anonymous_29)","decl":{"start":{"line":180,"column":18},"end":{"line":180,"column":19}},"loc":{"start":{"line":180,"column":26},"end":{"line":180,"column":42}},"line":180},"30":{"name":"(anonymous_30)","decl":{"start":{"line":181,"column":19},"end":{"line":181,"column":20}},"loc":{"start":{"line":181,"column":26},"end":{"line":181,"column":69}},"line":181},"31":{"name":"(anonymous_31)","decl":{"start":{"line":185,"column":11},"end":{"line":185,"column":12}},"loc":{"start":{"line":185,"column":18},"end":{"line":185,"column":49}},"line":185},"32":{"name":"(anonymous_32)","decl":{"start":{"line":189,"column":22},"end":{"line":189,"column":23}},"loc":{"start":{"line":189,"column":33},"end":{"line":201,"column":1}},"line":189},"33":{"name":"(anonymous_33)","decl":{"start":{"line":192,"column":10},"end":{"line":192,"column":11}},"loc":{"start":{"line":192,"column":18},"end":{"line":197,"column":5}},"line":192},"34":{"name":"(anonymous_34)","decl":{"start":{"line":198,"column":11},"end":{"line":198,"column":12}},"loc":{"start":{"line":198,"column":18},"end":{"line":200,"column":5}},"line":198}},"branchMap":{"0":{"loc":{"start":{"line":33,"column":8},"end":{"line":54,"column":9}},"type":"if","locations":[{"start":{"line":33,"column":8},"end":{"line":54,"column":9}},{"start":{"line":52,"column":8},"end":{"line":54,"column":9}}],"line":33},"1":{"loc":{"start":{"line":41,"column":12},"end":{"line":44,"column":13}},"type":"if","locations":[{"start":{"line":41,"column":12},"end":{"line":44,"column":13}},{"start":{},"end":{}}],"line":41},"2":{"loc":{"start":{"line":74,"column":7},"end":{"line":94,"column":5}},"type":"if","locations":[{"start":{"line":74,"column":7},"end":{"line":94,"column":5}},{"start":{"line":92,"column":4},"end":{"line":94,"column":5}}],"line":74},"3":{"loc":{"start":{"line":78,"column":12},"end":{"line":79,"column":47}},"type":"if","locations":[{"start":{"line":78,"column":12},"end":{"line":79,"column":47}},{"start":{},"end":{}}],"line":78},"4":{"loc":{"start":{"line":80,"column":12},"end":{"line":81,"column":50}},"type":"if","locations":[{"start":{"line":80,"column":12},"end":{"line":81,"column":50}},{"start":{},"end":{}}],"line":80},"5":{"loc":{"start":{"line":111,"column":4},"end":{"line":124,"column":5}},"type":"if","locations":[{"start":{"line":111,"column":4},"end":{"line":124,"column":5}},{"start":{"line":122,"column":4},"end":{"line":124,"column":5}}],"line":111},"6":{"loc":{"start":{"line":147,"column":8},"end":{"line":154,"column":66}},"type":"if","locations":[{"start":{"line":147,"column":8},"end":{"line":154,"column":66}},{"start":{"line":154,"column":13},"end":{"line":154,"column":66}}],"line":147},"7":{"loc":{"start":{"line":169,"column":8},"end":{"line":183,"column":66}},"type":"if","locations":[{"start":{"line":169,"column":8},"end":{"line":183,"column":66}},{"start":{"line":183,"column":13},"end":{"line":183,"column":66}}],"line":169},"8":{"loc":{"start":{"line":172,"column":12},"end":{"line":178,"column":13}},"type":"if","locations":[{"start":{"line":172,"column":12},"end":{"line":178,"column":13}},{"start":{"line":176,"column":12},"end":{"line":178,"column":13}}],"line":172},"9":{"loc":{"start":{"line":193,"column":8},"end":{"line":196,"column":55}},"type":"if","locations":[{"start":{"line":193,"column":8},"end":{"line":196,"column":55}},{"start":{"line":196,"column":8},"end":{"line":196,"column":55}}],"line":193}},"s":{"0":1,"1":1,"2":1,"3":1,"4":1,"5":1,"6":0,"7":0,"8":1,"9":0,"10":0,"11":0,"12":0,"13":0,"14":0,"15":0,"16":0,"17":0,"18":0,"19":0,"20":0,"21":0,"22":0,"23":0,"24":1,"25":0,"26":0,"27":0,"28":0,"29":0,"30":0,"31":0,"32":0,"33":0,"34":0,"35":0,"36":0,"37":0,"38":0,"39":0,"40":0,"41":0,"42":0,"43":1,"44":0,"45":0,"46":0,"47":0,"48":0,"49":0,"50":0,"51":0,"52":1,"53":0,"54":0,"55":0,"56":0,"57":0,"58":0,"59":0,"60":0,"61":0,"62":0,"63":0,"64":0,"65":1,"66":0,"67":0,"68":0,"69":0,"70":0,"71":0,"72":0,"73":0,"74":0,"75":0,"76":0,"77":0,"78":0,"79":0,"80":0,"81":0,"82":1,"83":0,"84":0,"85":0,"86":0,"87":0,"88":0},"f":{"0":0,"1":0,"2":0,"3":0,"4":0,"5":0,"6":0,"7":0,"8":0,"9":0,"10":0,"11":0,"12":0,"13":0,"14":0,"15":0,"16":0,"17":0,"18":0,"19":0,"20":0,"21":0,"22":0,"23":0,"24":0,"25":0,"26":0,"27":0,"28":0,"29":0,"30":0,"31":0,"32":0,"33":0,"34":0},"b":{"0":[0,0],"1":[0,0],"2":[0,0],"3":[0,0],"4":[0,0],"5":[0,0],"6":[0,0],"7":[0,0],"8":[0,0],"9":[0,0]},"_coverageSchema":"1a1c01bbd47fc00a2c39e90264f33305004495a9","hash":"af28d22e5aabff2f01d812aad189cf6befc1a686"}
,"/Users/andelarwanda/Documents/my_brand_api/src/controllers/messageController.js": {"path":"/Users/andelarwanda/Documents/my_brand_api/src/controllers/messageController.js","statementMap":{"0":{"start":{"line":4,"column":20},"end":{"line":19,"column":1}},"1":{"start":{"line":5,"column":2},"end":{"line":18,"column":3}},"2":{"start":{"line":6,"column":27},"end":{"line":6,"column":70}},"3":{"start":{"line":7,"column":18},"end":{"line":11,"column":6}},"4":{"start":{"line":12,"column":4},"end":{"line":15,"column":6}},"5":{"start":{"line":14,"column":8},"end":{"line":14,"column":65}},"6":{"start":{"line":17,"column":6},"end":{"line":17,"column":35}},"7":{"start":{"line":21,"column":21},"end":{"line":36,"column":1}},"8":{"start":{"line":22,"column":4},"end":{"line":22,"column":33}},"9":{"start":{"line":26,"column":4},"end":{"line":30,"column":34}},"10":{"start":{"line":28,"column":8},"end":{"line":28,"column":28}},"11":{"start":{"line":30,"column":18},"end":{"line":30,"column":33}},"12":{"start":{"line":37,"column":20},"end":{"line":45,"column":1}},"13":{"start":{"line":38,"column":11},"end":{"line":38,"column":21}},"14":{"start":{"line":39,"column":0},"end":{"line":44,"column":33}},"15":{"start":{"line":41,"column":4},"end":{"line":41,"column":23}},"16":{"start":{"line":42,"column":4},"end":{"line":42,"column":32}},"17":{"start":{"line":44,"column":14},"end":{"line":44,"column":32}},"18":{"start":{"line":47,"column":0},"end":{"line":49,"column":1}}},"fnMap":{"0":{"name":"(anonymous_0)","decl":{"start":{"line":4,"column":20},"end":{"line":4,"column":21}},"loc":{"start":{"line":4,"column":37},"end":{"line":19,"column":1}},"line":4},"1":{"name":"(anonymous_1)","decl":{"start":{"line":13,"column":10},"end":{"line":13,"column":11}},"loc":{"start":{"line":13,"column":18},"end":{"line":15,"column":5}},"line":13},"2":{"name":"(anonymous_2)","decl":{"start":{"line":21,"column":21},"end":{"line":21,"column":22}},"loc":{"start":{"line":21,"column":38},"end":{"line":36,"column":1}},"line":21},"3":{"name":"(anonymous_3)","decl":{"start":{"line":27,"column":10},"end":{"line":27,"column":11}},"loc":{"start":{"line":27,"column":20},"end":{"line":29,"column":5}},"line":27},"4":{"name":"(anonymous_4)","decl":{"start":{"line":30,"column":11},"end":{"line":30,"column":12}},"loc":{"start":{"line":30,"column":18},"end":{"line":30,"column":33}},"line":30},"5":{"name":"(anonymous_5)","decl":{"start":{"line":37,"column":20},"end":{"line":37,"column":21}},"loc":{"start":{"line":37,"column":31},"end":{"line":45,"column":1}},"line":37},"6":{"name":"(anonymous_6)","decl":{"start":{"line":40,"column":6},"end":{"line":40,"column":7}},"loc":{"start":{"line":40,"column":14},"end":{"line":43,"column":1}},"line":40},"7":{"name":"(anonymous_7)","decl":{"start":{"line":44,"column":7},"end":{"line":44,"column":8}},"loc":{"start":{"line":44,"column":14},"end":{"line":44,"column":32}},"line":44}},"branchMap":{},"s":{"0":1,"1":0,"2":0,"3":0,"4":0,"5":0,"6":0,"7":1,"8":0,"9":0,"10":0,"11":0,"12":1,"13":0,"14":0,"15":0,"16":0,"17":0,"18":1},"f":{"0":0,"1":0,"2":0,"3":0,"4":0,"5":0,"6":0,"7":0},"b":{},"_coverageSchema":"1a1c01bbd47fc00a2c39e90264f33305004495a9","hash":"0a5b729fe8ada5b52866b7c04e672232493f9a0c"}
,"/Users/andelarwanda/Documents/my_brand_api/src/controllers/userController.js": {"path":"/Users/andelarwanda/Documents/my_brand_api/src/controllers/userController.js","statementMap":{"0":{"start":{"line":7,"column":21},"end":{"line":36,"column":1}},"1":{"start":{"line":8,"column":4},"end":{"line":35,"column":5}},"2":{"start":{"line":9,"column":31},"end":{"line":9,"column":77}},"3":{"start":{"line":10,"column":24},"end":{"line":10,"column":72}},"4":{"start":{"line":11,"column":8},"end":{"line":32,"column":5}},"5":{"start":{"line":12,"column":8},"end":{"line":12,"column":82}},"6":{"start":{"line":14,"column":23},"end":{"line":14,"column":47}},"7":{"start":{"line":15,"column":33},"end":{"line":15,"column":80}},"8":{"start":{"line":16,"column":18},"end":{"line":21,"column":10}},"9":{"start":{"line":22,"column":8},"end":{"line":31,"column":37}},"10":{"start":{"line":23,"column":20},"end":{"line":30,"column":11}},"11":{"start":{"line":31,"column":20},"end":{"line":31,"column":36}},"12":{"start":{"line":34,"column":8},"end":{"line":34,"column":69}},"13":{"start":{"line":39,"column":16},"end":{"line":59,"column":1}},"14":{"start":{"line":40,"column":4},"end":{"line":58,"column":5}},"15":{"start":{"line":41,"column":29},"end":{"line":41,"column":74}},"16":{"start":{"line":42,"column":29},"end":{"line":42,"column":43}},"17":{"start":{"line":43,"column":17},"end":{"line":43,"column":44}},"18":{"start":{"line":44,"column":7},"end":{"line":54,"column":79}},"19":{"start":{"line":46,"column":11},"end":{"line":52,"column":11}},"20":{"start":{"line":54,"column":12},"end":{"line":54,"column":79}},"21":{"start":{"line":57,"column":8},"end":{"line":57,"column":61}},"22":{"start":{"line":64,"column":20},"end":{"line":66,"column":1}},"23":{"start":{"line":65,"column":4},"end":{"line":65,"column":61}},"24":{"start":{"line":68,"column":0},"end":{"line":70,"column":1}}},"fnMap":{"0":{"name":"(anonymous_0)","decl":{"start":{"line":7,"column":21},"end":{"line":7,"column":22}},"loc":{"start":{"line":7,"column":37},"end":{"line":36,"column":1}},"line":7},"1":{"name":"(anonymous_1)","decl":{"start":{"line":23,"column":14},"end":{"line":23,"column":15}},"loc":{"start":{"line":23,"column":20},"end":{"line":30,"column":11}},"line":23},"2":{"name":"(anonymous_2)","decl":{"start":{"line":31,"column":15},"end":{"line":31,"column":16}},"loc":{"start":{"line":31,"column":20},"end":{"line":31,"column":36}},"line":31},"3":{"name":"(anonymous_3)","decl":{"start":{"line":39,"column":16},"end":{"line":39,"column":17}},"loc":{"start":{"line":39,"column":33},"end":{"line":59,"column":1}},"line":39},"4":{"name":"(anonymous_4)","decl":{"start":{"line":64,"column":20},"end":{"line":64,"column":21}},"loc":{"start":{"line":64,"column":26},"end":{"line":66,"column":1}},"line":64}},"branchMap":{"0":{"loc":{"start":{"line":11,"column":8},"end":{"line":32,"column":5}},"type":"if","locations":[{"start":{"line":11,"column":8},"end":{"line":32,"column":5}},{"start":{"line":13,"column":12},"end":{"line":32,"column":5}}],"line":11},"1":{"loc":{"start":{"line":44,"column":7},"end":{"line":54,"column":79}},"type":"if","locations":[{"start":{"line":44,"column":7},"end":{"line":54,"column":79}},{"start":{"line":54,"column":12},"end":{"line":54,"column":79}}],"line":44},"2":{"loc":{"start":{"line":44,"column":10},"end":{"line":44,"column":64}},"type":"binary-expr","locations":[{"start":{"line":44,"column":10},"end":{"line":44,"column":14}},{"start":{"line":44,"column":19},"end":{"line":44,"column":63}}],"line":44}},"s":{"0":1,"1":0,"2":0,"3":0,"4":0,"5":0,"6":0,"7":0,"8":0,"9":0,"10":0,"11":0,"12":0,"13":1,"14":0,"15":0,"16":0,"17":0,"18":0,"19":0,"20":0,"21":0,"22":1,"23":0,"24":1},"f":{"0":0,"1":0,"2":0,"3":0,"4":0},"b":{"0":[0,0],"1":[0,0],"2":[0,0]},"_coverageSchema":"1a1c01bbd47fc00a2c39e90264f33305004495a9","hash":"710225c1cded904a81a2ff8b221da76753b8d110"}
,"/Users/andelarwanda/Documents/my_brand_api/src/helpers/photoupload.js": {"path":"/Users/andelarwanda/Documents/my_brand_api/src/helpers/photoupload.js","statementMap":{"0":{"start":{"line":4,"column":21},"end":{"line":16,"column":1}},"1":{"start":{"line":5,"column":4},"end":{"line":15,"column":5}},"2":{"start":{"line":6,"column":20},"end":{"line":6,"column":48}},"3":{"start":{"line":7,"column":23},"end":{"line":11,"column":9}},"4":{"start":{"line":10,"column":27},"end":{"line":10,"column":33}},"5":{"start":{"line":12,"column":8},"end":{"line":12,"column":22}},"6":{"start":{"line":14,"column":8},"end":{"line":14,"column":27}},"7":{"start":{"line":19,"column":0},"end":{"line":19,"column":30}}},"fnMap":{"0":{"name":"(anonymous_0)","decl":{"start":{"line":4,"column":21},"end":{"line":4,"column":22}},"loc":{"start":{"line":4,"column":36},"end":{"line":16,"column":1}},"line":4},"1":{"name":"(anonymous_1)","decl":{"start":{"line":10,"column":12},"end":{"line":10,"column":13}},"loc":{"start":{"line":10,"column":27},"end":{"line":10,"column":33}},"line":10}},"branchMap":{},"s":{"0":1,"1":0,"2":0,"3":0,"4":0,"5":0,"6":0,"7":1},"f":{"0":0,"1":0},"b":{},"_coverageSchema":"1a1c01bbd47fc00a2c39e90264f33305004495a9","hash":"c617764e7d0fc218b3313468de92cf45582af4d3"}
,"/Users/andelarwanda/Documents/my_brand_api/src/helpers/validation.js": {"path":"/Users/andelarwanda/Documents/my_brand_api/src/helpers/validation.js","statementMap":{"0":{"start":{"line":4,"column":20},"end":{"line":7,"column":2}},"1":{"start":{"line":9,"column":26},"end":{"line":13,"column":2}},"2":{"start":{"line":15,"column":23},"end":{"line":20,"column":2}},"3":{"start":{"line":21,"column":22},"end":{"line":24,"column":2}},"4":{"start":{"line":25,"column":20},"end":{"line":29,"column":2}},"5":{"start":{"line":31,"column":0},"end":{"line":33,"column":1}}},"fnMap":{},"branchMap":{},"s":{"0":1,"1":1,"2":1,"3":1,"4":1,"5":1},"f":{},"b":{},"_coverageSchema":"1a1c01bbd47fc00a2c39e90264f33305004495a9","hash":"4bef73dce7d567788e8e772d1c602d24a2918049"}
,"/Users/andelarwanda/Documents/my_brand_api/src/middleware/passport.js": {"path":"/Users/andelarwanda/Documents/my_brand_api/src/middleware/passport.js","statementMap":{"0":{"start":{"line":3,"column":20},"end":{"line":3,"column":40}},"1":{"start":{"line":4,"column":19},"end":{"line":4,"column":41}},"2":{"start":{"line":7,"column":11},"end":{"line":7,"column":13}},"3":{"start":{"line":8,"column":0},"end":{"line":8,"column":63}},"4":{"start":{"line":9,"column":0},"end":{"line":9,"column":37}},"5":{"start":{"line":11,"column":0},"end":{"line":24,"column":4}},"6":{"start":{"line":13,"column":4},"end":{"line":23,"column":7}},"7":{"start":{"line":14,"column":8},"end":{"line":16,"column":9}},"8":{"start":{"line":15,"column":12},"end":{"line":15,"column":36}},"9":{"start":{"line":17,"column":8},"end":{"line":22,"column":9}},"10":{"start":{"line":18,"column":12},"end":{"line":18,"column":36}},"11":{"start":{"line":20,"column":12},"end":{"line":20,"column":37}}},"fnMap":{"0":{"name":"(anonymous_0)","decl":{"start":{"line":11,"column":35},"end":{"line":11,"column":36}},"loc":{"start":{"line":11,"column":63},"end":{"line":24,"column":1}},"line":11},"1":{"name":"(anonymous_1)","decl":{"start":{"line":13,"column":44},"end":{"line":13,"column":45}},"loc":{"start":{"line":13,"column":64},"end":{"line":23,"column":5}},"line":13}},"branchMap":{"0":{"loc":{"start":{"line":14,"column":8},"end":{"line":16,"column":9}},"type":"if","locations":[{"start":{"line":14,"column":8},"end":{"line":16,"column":9}},{"start":{},"end":{}}],"line":14},"1":{"loc":{"start":{"line":17,"column":8},"end":{"line":22,"column":9}},"type":"if","locations":[{"start":{"line":17,"column":8},"end":{"line":22,"column":9}},{"start":{"line":19,"column":15},"end":{"line":22,"column":9}}],"line":17}},"s":{"0":1,"1":1,"2":1,"3":1,"4":1,"5":1,"6":0,"7":0,"8":0,"9":0,"10":0,"11":0},"f":{"0":0,"1":0},"b":{"0":[0,0],"1":[0,0]},"_coverageSchema":"1a1c01bbd47fc00a2c39e90264f33305004495a9","hash":"10afc008b1ef34efc6336d48ecffed3e4c9fc941"}
,"/Users/andelarwanda/Documents/my_brand_api/src/models/article.js": {"path":"/Users/andelarwanda/Documents/my_brand_api/src/models/article.js","statementMap":{"0":{"start":{"line":4,"column":15},"end":{"line":48,"column":1}},"1":{"start":{"line":50,"column":0},"end":{"line":50,"column":50}}},"fnMap":{},"branchMap":{},"s":{"0":1,"1":1},"f":{},"b":{},"_coverageSchema":"1a1c01bbd47fc00a2c39e90264f33305004495a9","hash":"8e1c6e0aad5aae82997b77387519ccf7b67237b2"}
,"/Users/andelarwanda/Documents/my_brand_api/src/models/message.js": {"path":"/Users/andelarwanda/Documents/my_brand_api/src/models/message.js","statementMap":{"0":{"start":{"line":3,"column":15},"end":{"line":20,"column":1}},"1":{"start":{"line":22,"column":0},"end":{"line":22,"column":50}}},"fnMap":{},"branchMap":{},"s":{"0":1,"1":1},"f":{},"b":{},"_coverageSchema":"1a1c01bbd47fc00a2c39e90264f33305004495a9","hash":"8c9ff687d9547987462b205cf78cb1dc602a09f8"}
,"/Users/andelarwanda/Documents/my_brand_api/src/models/userModel.js": {"path":"/Users/andelarwanda/Documents/my_brand_api/src/models/userModel.js","statementMap":{"0":{"start":{"line":4,"column":15},"end":{"line":22,"column":2}},"1":{"start":{"line":24,"column":0},"end":{"line":24,"column":44}}},"fnMap":{},"branchMap":{},"s":{"0":1,"1":1},"f":{},"b":{},"_coverageSchema":"1a1c01bbd47fc00a2c39e90264f33305004495a9","hash":"dd007168290a9235746d026ad2c67126d61ea835"}
,"/Users/andelarwanda/Documents/my_brand_api/src/routers/articleRouter.js": {"path":"/Users/andelarwanda/Documents/my_brand_api/src/routers/articleRouter.js","statementMap":{"0":{"start":{"line":6,"column":15},"end":{"line":6,"column":31}},"1":{"start":{"line":9,"column":0},"end":{"line":9,"column":30}},"2":{"start":{"line":10,"column":0},"end":{"line":10,"column":32}},"3":{"start":{"line":12,"column":0},"end":{"line":12,"column":85}},"4":{"start":{"line":14,"column":0},"end":{"line":14,"column":104}},"5":{"start":{"line":15,"column":0},"end":{"line":15,"column":93}},"6":{"start":{"line":16,"column":0},"end":{"line":16,"column":84}},"7":{"start":{"line":17,"column":0},"end":{"line":17,"column":88}},"8":{"start":{"line":22,"column":0},"end":{"line":22,"column":24}}},"fnMap":{},"branchMap":{},"s":{"0":1,"1":1,"2":1,"3":1,"4":1,"5":1,"6":1,"7":1,"8":1},"f":{},"b":{},"_coverageSchema":"1a1c01bbd47fc00a2c39e90264f33305004495a9","hash":"cf334c3adef2c41aeded9ada050f6915052a0f5b"}
,"/Users/andelarwanda/Documents/my_brand_api/src/routers/index.js": {"path":"/Users/andelarwanda/Documents/my_brand_api/src/routers/index.js","statementMap":{"0":{"start":{"line":2,"column":15},"end":{"line":2,"column":31}},"1":{"start":{"line":6,"column":0},"end":{"line":6,"column":31}},"2":{"start":{"line":7,"column":0},"end":{"line":7,"column":27}},"3":{"start":{"line":8,"column":0},"end":{"line":8,"column":30}},"4":{"start":{"line":10,"column":0},"end":{"line":10,"column":21}}},"fnMap":{},"branchMap":{},"s":{"0":1,"1":1,"2":1,"3":1,"4":1},"f":{},"b":{},"_coverageSchema":"1a1c01bbd47fc00a2c39e90264f33305004495a9","hash":"67da57fe2d54c496572a0299397e1e37ed5560b5"}
,"/Users/andelarwanda/Documents/my_brand_api/src/routers/messageRouter.js": {"path":"/Users/andelarwanda/Documents/my_brand_api/src/routers/messageRouter.js","statementMap":{"0":{"start":{"line":3,"column":15},"end":{"line":3,"column":31}},"1":{"start":{"line":6,"column":0},"end":{"line":6,"column":79}},"2":{"start":{"line":7,"column":0},"end":{"line":7,"column":39}},"3":{"start":{"line":8,"column":0},"end":{"line":8,"column":91}},"4":{"start":{"line":11,"column":0},"end":{"line":11,"column":24}}},"fnMap":{},"branchMap":{},"s":{"0":1,"1":1,"2":1,"3":1,"4":1},"f":{},"b":{},"_coverageSchema":"1a1c01bbd47fc00a2c39e90264f33305004495a9","hash":"4278e255011ebcc5ef2e728040b7ccb88bb6d5ab"}
,"/Users/andelarwanda/Documents/my_brand_api/src/routers/userRouter.js": {"path":"/Users/andelarwanda/Documents/my_brand_api/src/routers/userRouter.js","statementMap":{"0":{"start":{"line":3,"column":15},"end":{"line":3,"column":31}},"1":{"start":{"line":4,"column":0},"end":{"line":4,"column":31}},"2":{"start":{"line":5,"column":0},"end":{"line":5,"column":36}},"3":{"start":{"line":6,"column":0},"end":{"line":6,"column":21}}},"fnMap":{},"branchMap":{},"s":{"0":1,"1":1,"2":1,"3":1},"f":{},"b":{},"_coverageSchema":"1a1c01bbd47fc00a2c39e90264f33305004495a9","hash":"6c3184297b20282a98848e43cd50b79d0d730983"}
}
