{"/Users/andelarwanda/Documents/my_brand_api/src/app.js": {"path":"/Users/andelarwanda/Documents/my_brand_api/src/app.js","statementMap":{"0":{"start":{"line":5,"column":12},"end":{"line":5,"column":21}},"1":{"start":{"line":8,"column":17},"end":{"line":8,"column":57}},"2":{"start":{"line":9,"column":11},"end":{"line":9,"column":35}},"3":{"start":{"line":13,"column":0},"end":{"line":13,"column":11}},"4":{"start":{"line":15,"column":0},"end":{"line":15,"column":16}},"5":{"start":{"line":16,"column":0},"end":{"line":16,"column":15}},"6":{"start":{"line":17,"column":0},"end":{"line":17,"column":45}},"7":{"start":{"line":21,"column":0},"end":{"line":21,"column":24}},"8":{"start":{"line":22,"column":0},"end":{"line":22,"column":31}},"9":{"start":{"line":25,"column":0},"end":{"line":27,"column":1}},"10":{"start":{"line":26,"column":2},"end":{"line":26,"column":19}},"11":{"start":{"line":35,"column":0},"end":{"line":35,"column":20}}},"fnMap":{},"branchMap":{"0":{"loc":{"start":{"line":9,"column":11},"end":{"line":9,"column":35}},"type":"binary-expr","locations":[{"start":{"line":9,"column":11},"end":{"line":9,"column":27}},{"start":{"line":9,"column":31},"end":{"line":9,"column":35}}],"line":9},"1":{"loc":{"start":{"line":25,"column":0},"end":{"line":27,"column":1}},"type":"if","locations":[{"start":{"line":25,"column":0},"end":{"line":27,"column":1}},{"start":{},"end":{}}],"line":25}},"s":{"0":3,"1":3,"2":3,"3":3,"4":3,"5":3,"6":3,"7":3,"8":3,"9":3,"10":0,"11":3},"f":{},"b":{"0":[3,0],"1":[0,3]},"_coverageSchema":"1a1c01bbd47fc00a2c39e90264f33305004495a9","hash":"6c6168add468f3cf0eb143722e0a5d87955d9da4"}
,"/Users/andelarwanda/Documents/my_brand_api/src/api_documentation/index.doc.js": {"path":"/Users/andelarwanda/Documents/my_brand_api/src/api_documentation/index.doc.js","statementMap":{"0":{"start":{"line":1,"column":19},"end":{"line":1,"column":37}},"1":{"start":{"line":2,"column":25},"end":{"line":2,"column":54}},"2":{"start":{"line":4,"column":18},"end":{"line":4,"column":26}},"3":{"start":{"line":6,"column":14},"end":{"line":6,"column":36}},"4":{"start":{"line":7,"column":15},"end":{"line":7,"column":37}},"5":{"start":{"line":10,"column":16},"end":{"line":463,"column":1}},"6":{"start":{"line":465,"column":0},"end":{"line":465,"column":42}},"7":{"start":{"line":467,"column":0},"end":{"line":467,"column":27}}},"fnMap":{},"branchMap":{"0":{"loc":{"start":{"line":18,"column":8},"end":{"line":18,"column":53}},"type":"cond-expr","locations":[{"start":{"line":18,"column":39},"end":{"line":18,"column":45}},{"start":{"line":18,"column":48},"end":{"line":18,"column":53}}],"line":18}},"s":{"0":3,"1":3,"2":3,"3":3,"4":3,"5":3,"6":3,"7":3},"f":{},"b":{"0":[0,3]},"_coverageSchema":"1a1c01bbd47fc00a2c39e90264f33305004495a9","hash":"671d1c422af67cd408666a8e80619c67cd577627"}
,"/Users/andelarwanda/Documents/my_brand_api/src/config/cloudinary.js": {"path":"/Users/andelarwanda/Documents/my_brand_api/src/config/cloudinary.js","statementMap":{"0":{"start":{"line":1,"column":17},"end":{"line":1,"column":41}},"1":{"start":{"line":3,"column":0},"end":{"line":7,"column":3}},"2":{"start":{"line":10,"column":0},"end":{"line":10,"column":37}}},"fnMap":{},"branchMap":{},"s":{"0":3,"1":3,"2":3},"f":{},"b":{},"_coverageSchema":"1a1c01bbd47fc00a2c39e90264f33305004495a9","hash":"b0a1067851c676ce98c15dc72ba30b07475a294d"}
,"/Users/andelarwanda/Documents/my_brand_api/src/config/db.config.js": {"path":"/Users/andelarwanda/Documents/my_brand_api/src/config/db.config.js","statementMap":{"0":{"start":{"line":4,"column":0},"end":{"line":4,"column":16}},"1":{"start":{"line":8,"column":0},"end":{"line":18,"column":2}},"2":{"start":{"line":9,"column":2},"end":{"line":17,"column":50}},"3":{"start":{"line":17,"column":17},"end":{"line":17,"column":47}}},"fnMap":{"0":{"name":"(anonymous_0)","decl":{"start":{"line":8,"column":20},"end":{"line":8,"column":21}},"loc":{"start":{"line":8,"column":26},"end":{"line":18,"column":1}},"line":8},"1":{"name":"(anonymous_1)","decl":{"start":{"line":17,"column":10},"end":{"line":17,"column":11}},"loc":{"start":{"line":17,"column":16},"end":{"line":17,"column":48}},"line":17}},"branchMap":{"0":{"loc":{"start":{"line":10,"column":13},"end":{"line":14,"column":31}},"type":"cond-expr","locations":[{"start":{"line":11,"column":6},"end":{"line":11,"column":32}},{"start":{"line":12,"column":6},"end":{"line":14,"column":31}}],"line":10},"1":{"loc":{"start":{"line":12,"column":6},"end":{"line":14,"column":31}},"type":"cond-expr","locations":[{"start":{"line":13,"column":6},"end":{"line":13,"column":32}},{"start":{"line":14,"column":6},"end":{"line":14,"column":31}}],"line":12}},"s":{"0":3,"1":3,"2":3,"3":3},"f":{"0":3,"1":3},"b":{"0":[0,3],"1":[3,0]},"_coverageSchema":"1a1c01bbd47fc00a2c39e90264f33305004495a9","hash":"c40216908dbcb559b6d2b9a5bbb08dcca76d43c8"}
,"/Users/andelarwanda/Documents/my_brand_api/src/controllers/articleController.js": {"path":"/Users/andelarwanda/Documents/my_brand_api/src/controllers/articleController.js","statementMap":{"0":{"start":{"line":9,"column":12},"end":{"line":9,"column":22}},"1":{"start":{"line":10,"column":9},"end":{"line":10,"column":49}},"2":{"start":{"line":11,"column":9},"end":{"line":11,"column":54}},"3":{"start":{"line":12,"column":11},"end":{"line":12,"column":30}},"4":{"start":{"line":14,"column":4},"end":{"line":14,"column":39}},"5":{"start":{"line":16,"column":0},"end":{"line":22,"column":2}},"6":{"start":{"line":17,"column":4},"end":{"line":20,"column":6}},"7":{"start":{"line":19,"column":8},"end":{"line":19,"column":24}},"8":{"start":{"line":24,"column":0},"end":{"line":62,"column":2}},"9":{"start":{"line":25,"column":4},"end":{"line":60,"column":5}},"10":{"start":{"line":26,"column":31},"end":{"line":26,"column":74}},"11":{"start":{"line":27,"column":8},"end":{"line":56,"column":6}},"12":{"start":{"line":32,"column":8},"end":{"line":53,"column":9}},"13":{"start":{"line":34,"column":27},"end":{"line":39,"column":14}},"14":{"start":{"line":40,"column":12},"end":{"line":43,"column":13}},"15":{"start":{"line":41,"column":26},"end":{"line":41,"column":48}},"16":{"start":{"line":42,"column":12},"end":{"line":42,"column":40}},"17":{"start":{"line":44,"column":8},"end":{"line":48,"column":41}},"18":{"start":{"line":46,"column":12},"end":{"line":46,"column":28}},"19":{"start":{"line":48,"column":22},"end":{"line":48,"column":40}},"20":{"start":{"line":52,"column":12},"end":{"line":52,"column":65}},"21":{"start":{"line":55,"column":8},"end":{"line":55,"column":30}},"22":{"start":{"line":59,"column":8},"end":{"line":59,"column":33}},"23":{"start":{"line":64,"column":0},"end":{"line":101,"column":1}},"24":{"start":{"line":65,"column":15},"end":{"line":65,"column":25}},"25":{"start":{"line":66,"column":28},"end":{"line":66,"column":36}},"26":{"start":{"line":67,"column":4},"end":{"line":100,"column":5}},"27":{"start":{"line":68,"column":31},"end":{"line":68,"column":101}},"28":{"start":{"line":70,"column":8},"end":{"line":96,"column":2}},"29":{"start":{"line":73,"column":7},"end":{"line":93,"column":5}},"30":{"start":{"line":75,"column":8},"end":{"line":88,"column":10}},"31":{"start":{"line":77,"column":12},"end":{"line":78,"column":47}},"32":{"start":{"line":78,"column":12},"end":{"line":78,"column":47}},"33":{"start":{"line":79,"column":12},"end":{"line":80,"column":50}},"34":{"start":{"line":80,"column":12},"end":{"line":80,"column":50}},"35":{"start":{"line":81,"column":12},"end":{"line":83,"column":45}},"36":{"start":{"line":82,"column":26},"end":{"line":82,"column":54}},"37":{"start":{"line":83,"column":26},"end":{"line":83,"column":44}},"38":{"start":{"line":87,"column":12},"end":{"line":87,"column":67}},"39":{"start":{"line":92,"column":8},"end":{"line":92,"column":61}},"40":{"start":{"line":95,"column":4},"end":{"line":95,"column":38}},"41":{"start":{"line":99,"column":0},"end":{"line":99,"column":13}},"42":{"start":{"line":103,"column":0},"end":{"line":127,"column":1}},"43":{"start":{"line":104,"column":15},"end":{"line":104,"column":25}},"44":{"start":{"line":105,"column":4},"end":{"line":126,"column":2}},"45":{"start":{"line":110,"column":4},"end":{"line":123,"column":5}},"46":{"start":{"line":112,"column":8},"end":{"line":118,"column":10}},"47":{"start":{"line":114,"column":12},"end":{"line":114,"column":28}},"48":{"start":{"line":117,"column":12},"end":{"line":117,"column":67}},"49":{"start":{"line":122,"column":8},"end":{"line":122,"column":61}},"50":{"start":{"line":125,"column":4},"end":{"line":125,"column":38}},"51":{"start":{"line":131,"column":0},"end":{"line":157,"column":1}},"52":{"start":{"line":132,"column":23},"end":{"line":132,"column":33}},"53":{"start":{"line":133,"column":20},"end":{"line":133,"column":28}},"54":{"start":{"line":135,"column":4},"end":{"line":156,"column":2}},"55":{"start":{"line":138,"column":21},"end":{"line":143,"column":5}},"56":{"start":{"line":144,"column":4},"end":{"line":155,"column":62}},"57":{"start":{"line":146,"column":8},"end":{"line":153,"column":66}},"58":{"start":{"line":148,"column":12},"end":{"line":148,"column":46}},"59":{"start":{"line":149,"column":12},"end":{"line":151,"column":70}},"60":{"start":{"line":150,"column":26},"end":{"line":150,"column":42}},"61":{"start":{"line":151,"column":26},"end":{"line":151,"column":69}},"62":{"start":{"line":153,"column":13},"end":{"line":153,"column":66}},"63":{"start":{"line":155,"column":18},"end":{"line":155,"column":61}},"64":{"start":{"line":159,"column":0},"end":{"line":185,"column":1}},"65":{"start":{"line":160,"column":23},"end":{"line":160,"column":33}},"66":{"start":{"line":161,"column":18},"end":{"line":161,"column":29}},"67":{"start":{"line":163,"column":18},"end":{"line":165,"column":5}},"68":{"start":{"line":166,"column":4},"end":{"line":184,"column":50}},"69":{"start":{"line":168,"column":8},"end":{"line":182,"column":66}},"70":{"start":{"line":170,"column":26},"end":{"line":170,"column":96}},"71":{"start":{"line":170,"column":51},"end":{"line":170,"column":95}},"72":{"start":{"line":171,"column":12},"end":{"line":177,"column":13}},"73":{"start":{"line":172,"column":15},"end":{"line":172,"column":101}},"74":{"start":{"line":172,"column":56},"end":{"line":172,"column":100}},"75":{"start":{"line":176,"column":17},"end":{"line":176,"column":45}},"76":{"start":{"line":178,"column":12},"end":{"line":180,"column":70}},"77":{"start":{"line":179,"column":26},"end":{"line":179,"column":42}},"78":{"start":{"line":180,"column":26},"end":{"line":180,"column":69}},"79":{"start":{"line":182,"column":13},"end":{"line":182,"column":66}},"80":{"start":{"line":184,"column":18},"end":{"line":184,"column":49}},"81":{"start":{"line":188,"column":0},"end":{"line":200,"column":1}},"82":{"start":{"line":189,"column":15},"end":{"line":189,"column":25}},"83":{"start":{"line":190,"column":4},"end":{"line":199,"column":6}},"84":{"start":{"line":192,"column":8},"end":{"line":195,"column":55}},"85":{"start":{"line":193,"column":8},"end":{"line":193,"column":24}},"86":{"start":{"line":195,"column":8},"end":{"line":195,"column":55}},"87":{"start":{"line":198,"column":8},"end":{"line":198,"column":51}}},"fnMap":{"0":{"name":"(anonymous_0)","decl":{"start":{"line":16,"column":25},"end":{"line":16,"column":26}},"loc":{"start":{"line":16,"column":39},"end":{"line":22,"column":1}},"line":16},"1":{"name":"(anonymous_1)","decl":{"start":{"line":18,"column":10},"end":{"line":18,"column":11}},"loc":{"start":{"line":18,"column":18},"end":{"line":20,"column":5}},"line":18},"2":{"name":"(anonymous_2)","decl":{"start":{"line":24,"column":27},"end":{"line":24,"column":28}},"loc":{"start":{"line":24,"column":47},"end":{"line":62,"column":1}},"line":24},"3":{"name":"(anonymous_3)","decl":{"start":{"line":29,"column":16},"end":{"line":29,"column":17}},"loc":{"start":{"line":29,"column":32},"end":{"line":54,"column":5}},"line":29},"4":{"name":"(anonymous_4)","decl":{"start":{"line":45,"column":14},"end":{"line":45,"column":15}},"loc":{"start":{"line":45,"column":22},"end":{"line":47,"column":9}},"line":45},"5":{"name":"(anonymous_5)","decl":{"start":{"line":48,"column":15},"end":{"line":48,"column":16}},"loc":{"start":{"line":48,"column":22},"end":{"line":48,"column":40}},"line":48},"6":{"name":"(anonymous_6)","decl":{"start":{"line":54,"column":13},"end":{"line":54,"column":14}},"loc":{"start":{"line":54,"column":19},"end":{"line":56,"column":5}},"line":54},"7":{"name":"(anonymous_7)","decl":{"start":{"line":64,"column":22},"end":{"line":64,"column":23}},"loc":{"start":{"line":64,"column":39},"end":{"line":101,"column":1}},"line":64},"8":{"name":"(anonymous_8)","decl":{"start":{"line":72,"column":16},"end":{"line":72,"column":17}},"loc":{"start":{"line":72,"column":24},"end":{"line":94,"column":1}},"line":72},"9":{"name":"(anonymous_9)","decl":{"start":{"line":76,"column":14},"end":{"line":76,"column":15}},"loc":{"start":{"line":76,"column":23},"end":{"line":85,"column":9}},"line":76},"10":{"name":"(anonymous_10)","decl":{"start":{"line":82,"column":18},"end":{"line":82,"column":19}},"loc":{"start":{"line":82,"column":26},"end":{"line":82,"column":54}},"line":82},"11":{"name":"(anonymous_11)","decl":{"start":{"line":83,"column":19},"end":{"line":83,"column":20}},"loc":{"start":{"line":83,"column":26},"end":{"line":83,"column":44}},"line":83},"12":{"name":"(anonymous_12)","decl":{"start":{"line":86,"column":15},"end":{"line":86,"column":16}},"loc":{"start":{"line":86,"column":22},"end":{"line":88,"column":9}},"line":86},"13":{"name":"(anonymous_13)","decl":{"start":{"line":94,"column":9},"end":{"line":94,"column":10}},"loc":{"start":{"line":94,"column":15},"end":{"line":96,"column":1}},"line":94},"14":{"name":"(anonymous_14)","decl":{"start":{"line":103,"column":22},"end":{"line":103,"column":23}},"loc":{"start":{"line":103,"column":33},"end":{"line":127,"column":1}},"line":103},"15":{"name":"(anonymous_15)","decl":{"start":{"line":107,"column":12},"end":{"line":107,"column":13}},"loc":{"start":{"line":107,"column":20},"end":{"line":124,"column":1}},"line":107},"16":{"name":"(anonymous_16)","decl":{"start":{"line":113,"column":14},"end":{"line":113,"column":15}},"loc":{"start":{"line":113,"column":22},"end":{"line":115,"column":9}},"line":113},"17":{"name":"(anonymous_17)","decl":{"start":{"line":116,"column":15},"end":{"line":116,"column":16}},"loc":{"start":{"line":116,"column":22},"end":{"line":118,"column":9}},"line":116},"18":{"name":"(anonymous_18)","decl":{"start":{"line":124,"column":9},"end":{"line":124,"column":10}},"loc":{"start":{"line":124,"column":15},"end":{"line":126,"column":1}},"line":124},"19":{"name":"(anonymous_19)","decl":{"start":{"line":131,"column":28},"end":{"line":131,"column":29}},"loc":{"start":{"line":131,"column":39},"end":{"line":157,"column":1}},"line":131},"20":{"name":"(anonymous_20)","decl":{"start":{"line":137,"column":12},"end":{"line":137,"column":13}},"loc":{"start":{"line":137,"column":20},"end":{"line":156,"column":1}},"line":137},"21":{"name":"(anonymous_21)","decl":{"start":{"line":145,"column":10},"end":{"line":145,"column":11}},"loc":{"start":{"line":145,"column":19},"end":{"line":154,"column":5}},"line":145},"22":{"name":"(anonymous_22)","decl":{"start":{"line":150,"column":18},"end":{"line":150,"column":19}},"loc":{"start":{"line":150,"column":26},"end":{"line":150,"column":42}},"line":150},"23":{"name":"(anonymous_23)","decl":{"start":{"line":151,"column":19},"end":{"line":151,"column":20}},"loc":{"start":{"line":151,"column":26},"end":{"line":151,"column":69}},"line":151},"24":{"name":"(anonymous_24)","decl":{"start":{"line":155,"column":11},"end":{"line":155,"column":12}},"loc":{"start":{"line":155,"column":18},"end":{"line":155,"column":61}},"line":155},"25":{"name":"(anonymous_25)","decl":{"start":{"line":159,"column":20},"end":{"line":159,"column":21}},"loc":{"start":{"line":159,"column":31},"end":{"line":185,"column":1}},"line":159},"26":{"name":"(anonymous_26)","decl":{"start":{"line":167,"column":10},"end":{"line":167,"column":11}},"loc":{"start":{"line":167,"column":19},"end":{"line":183,"column":5}},"line":167},"27":{"name":"(anonymous_27)","decl":{"start":{"line":170,"column":45},"end":{"line":170,"column":46}},"loc":{"start":{"line":170,"column":51},"end":{"line":170,"column":95}},"line":170},"28":{"name":"(anonymous_28)","decl":{"start":{"line":172,"column":50},"end":{"line":172,"column":51}},"loc":{"start":{"line":172,"column":56},"end":{"line":172,"column":100}},"line":172},"29":{"name":"(anonymous_29)","decl":{"start":{"line":179,"column":18},"end":{"line":179,"column":19}},"loc":{"start":{"line":179,"column":26},"end":{"line":179,"column":42}},"line":179},"30":{"name":"(anonymous_30)","decl":{"start":{"line":180,"column":19},"end":{"line":180,"column":20}},"loc":{"start":{"line":180,"column":26},"end":{"line":180,"column":69}},"line":180},"31":{"name":"(anonymous_31)","decl":{"start":{"line":184,"column":11},"end":{"line":184,"column":12}},"loc":{"start":{"line":184,"column":18},"end":{"line":184,"column":49}},"line":184},"32":{"name":"(anonymous_32)","decl":{"start":{"line":188,"column":22},"end":{"line":188,"column":23}},"loc":{"start":{"line":188,"column":33},"end":{"line":200,"column":1}},"line":188},"33":{"name":"(anonymous_33)","decl":{"start":{"line":191,"column":10},"end":{"line":191,"column":11}},"loc":{"start":{"line":191,"column":18},"end":{"line":196,"column":5}},"line":191},"34":{"name":"(anonymous_34)","decl":{"start":{"line":197,"column":11},"end":{"line":197,"column":12}},"loc":{"start":{"line":197,"column":18},"end":{"line":199,"column":5}},"line":197}},"branchMap":{"0":{"loc":{"start":{"line":32,"column":8},"end":{"line":53,"column":9}},"type":"if","locations":[{"start":{"line":32,"column":8},"end":{"line":53,"column":9}},{"start":{"line":51,"column":8},"end":{"line":53,"column":9}}],"line":32},"1":{"loc":{"start":{"line":40,"column":12},"end":{"line":43,"column":13}},"type":"if","locations":[{"start":{"line":40,"column":12},"end":{"line":43,"column":13}},{"start":{},"end":{}}],"line":40},"2":{"loc":{"start":{"line":73,"column":7},"end":{"line":93,"column":5}},"type":"if","locations":[{"start":{"line":73,"column":7},"end":{"line":93,"column":5}},{"start":{"line":91,"column":4},"end":{"line":93,"column":5}}],"line":73},"3":{"loc":{"start":{"line":77,"column":12},"end":{"line":78,"column":47}},"type":"if","locations":[{"start":{"line":77,"column":12},"end":{"line":78,"column":47}},{"start":{},"end":{}}],"line":77},"4":{"loc":{"start":{"line":79,"column":12},"end":{"line":80,"column":50}},"type":"if","locations":[{"start":{"line":79,"column":12},"end":{"line":80,"column":50}},{"start":{},"end":{}}],"line":79},"5":{"loc":{"start":{"line":110,"column":4},"end":{"line":123,"column":5}},"type":"if","locations":[{"start":{"line":110,"column":4},"end":{"line":123,"column":5}},{"start":{"line":121,"column":4},"end":{"line":123,"column":5}}],"line":110},"6":{"loc":{"start":{"line":146,"column":8},"end":{"line":153,"column":66}},"type":"if","locations":[{"start":{"line":146,"column":8},"end":{"line":153,"column":66}},{"start":{"line":153,"column":13},"end":{"line":153,"column":66}}],"line":146},"7":{"loc":{"start":{"line":168,"column":8},"end":{"line":182,"column":66}},"type":"if","locations":[{"start":{"line":168,"column":8},"end":{"line":182,"column":66}},{"start":{"line":182,"column":13},"end":{"line":182,"column":66}}],"line":168},"8":{"loc":{"start":{"line":171,"column":12},"end":{"line":177,"column":13}},"type":"if","locations":[{"start":{"line":171,"column":12},"end":{"line":177,"column":13}},{"start":{"line":175,"column":12},"end":{"line":177,"column":13}}],"line":171},"9":{"loc":{"start":{"line":192,"column":8},"end":{"line":195,"column":55}},"type":"if","locations":[{"start":{"line":192,"column":8},"end":{"line":195,"column":55}},{"start":{"line":195,"column":8},"end":{"line":195,"column":55}}],"line":192}},"s":{"0":3,"1":3,"2":3,"3":3,"4":3,"5":3,"6":0,"7":0,"8":3,"9":1,"10":1,"11":1,"12":1,"13":1,"14":1,"15":1,"16":1,"17":1,"18":1,"19":0,"20":0,"21":0,"22":0,"23":3,"24":0,"25":0,"26":0,"27":0,"28":0,"29":0,"30":0,"31":0,"32":0,"33":0,"34":0,"35":0,"36":0,"37":0,"38":0,"39":0,"40":0,"41":0,"42":3,"43":0,"44":0,"45":0,"46":0,"47":0,"48":0,"49":0,"50":0,"51":3,"52":0,"53":0,"54":0,"55":0,"56":0,"57":0,"58":0,"59":0,"60":0,"61":0,"62":0,"63":0,"64":3,"65":0,"66":0,"67":0,"68":0,"69":0,"70":0,"71":0,"72":0,"73":0,"74":0,"75":0,"76":0,"77":0,"78":0,"79":0,"80":0,"81":3,"82":0,"83":0,"84":0,"85":0,"86":0,"87":0},"f":{"0":0,"1":0,"2":1,"3":1,"4":1,"5":0,"6":0,"7":0,"8":0,"9":0,"10":0,"11":0,"12":0,"13":0,"14":0,"15":0,"16":0,"17":0,"18":0,"19":0,"20":0,"21":0,"22":0,"23":0,"24":0,"25":0,"26":0,"27":0,"28":0,"29":0,"30":0,"31":0,"32":0,"33":0,"34":0},"b":{"0":[1,0],"1":[1,0],"2":[0,0],"3":[0,0],"4":[0,0],"5":[0,0],"6":[0,0],"7":[0,0],"8":[0,0],"9":[0,0]},"_coverageSchema":"1a1c01bbd47fc00a2c39e90264f33305004495a9","hash":"b98815b1191a5cf6814d01cd9fd8e233cc24892b"}
,"/Users/andelarwanda/Documents/my_brand_api/src/controllers/messageController.js": {"path":"/Users/andelarwanda/Documents/my_brand_api/src/controllers/messageController.js","statementMap":{"0":{"start":{"line":4,"column":20},"end":{"line":19,"column":1}},"1":{"start":{"line":5,"column":2},"end":{"line":18,"column":3}},"2":{"start":{"line":6,"column":27},"end":{"line":6,"column":70}},"3":{"start":{"line":7,"column":18},"end":{"line":11,"column":6}},"4":{"start":{"line":12,"column":4},"end":{"line":15,"column":6}},"5":{"start":{"line":14,"column":8},"end":{"line":14,"column":65}},"6":{"start":{"line":17,"column":6},"end":{"line":17,"column":35}},"7":{"start":{"line":21,"column":21},"end":{"line":29,"column":1}},"8":{"start":{"line":22,"column":4},"end":{"line":26,"column":34}},"9":{"start":{"line":24,"column":8},"end":{"line":24,"column":28}},"10":{"start":{"line":26,"column":18},"end":{"line":26,"column":33}},"11":{"start":{"line":30,"column":20},"end":{"line":38,"column":1}},"12":{"start":{"line":31,"column":11},"end":{"line":31,"column":21}},"13":{"start":{"line":32,"column":0},"end":{"line":37,"column":33}},"14":{"start":{"line":34,"column":4},"end":{"line":34,"column":23}},"15":{"start":{"line":35,"column":4},"end":{"line":35,"column":32}},"16":{"start":{"line":37,"column":14},"end":{"line":37,"column":32}},"17":{"start":{"line":40,"column":0},"end":{"line":42,"column":1}}},"fnMap":{"0":{"name":"(anonymous_0)","decl":{"start":{"line":4,"column":20},"end":{"line":4,"column":21}},"loc":{"start":{"line":4,"column":37},"end":{"line":19,"column":1}},"line":4},"1":{"name":"(anonymous_1)","decl":{"start":{"line":13,"column":10},"end":{"line":13,"column":11}},"loc":{"start":{"line":13,"column":18},"end":{"line":15,"column":5}},"line":13},"2":{"name":"(anonymous_2)","decl":{"start":{"line":21,"column":21},"end":{"line":21,"column":22}},"loc":{"start":{"line":21,"column":38},"end":{"line":29,"column":1}},"line":21},"3":{"name":"(anonymous_3)","decl":{"start":{"line":23,"column":10},"end":{"line":23,"column":11}},"loc":{"start":{"line":23,"column":20},"end":{"line":25,"column":5}},"line":23},"4":{"name":"(anonymous_4)","decl":{"start":{"line":26,"column":11},"end":{"line":26,"column":12}},"loc":{"start":{"line":26,"column":18},"end":{"line":26,"column":33}},"line":26},"5":{"name":"(anonymous_5)","decl":{"start":{"line":30,"column":20},"end":{"line":30,"column":21}},"loc":{"start":{"line":30,"column":31},"end":{"line":38,"column":1}},"line":30},"6":{"name":"(anonymous_6)","decl":{"start":{"line":33,"column":6},"end":{"line":33,"column":7}},"loc":{"start":{"line":33,"column":14},"end":{"line":36,"column":1}},"line":33},"7":{"name":"(anonymous_7)","decl":{"start":{"line":37,"column":7},"end":{"line":37,"column":8}},"loc":{"start":{"line":37,"column":14},"end":{"line":37,"column":32}},"line":37}},"branchMap":{},"s":{"0":3,"1":1,"2":1,"3":1,"4":1,"5":1,"6":0,"7":3,"8":1,"9":1,"10":0,"11":3,"12":0,"13":0,"14":0,"15":0,"16":0,"17":3},"f":{"0":1,"1":1,"2":1,"3":1,"4":0,"5":0,"6":0,"7":0},"b":{},"_coverageSchema":"1a1c01bbd47fc00a2c39e90264f33305004495a9","hash":"570e4fd1d117e69bd3e21b0323b05f915370fd77"}
,"/Users/andelarwanda/Documents/my_brand_api/src/controllers/userController.js": {"path":"/Users/andelarwanda/Documents/my_brand_api/src/controllers/userController.js","statementMap":{"0":{"start":{"line":7,"column":21},"end":{"line":36,"column":1}},"1":{"start":{"line":8,"column":4},"end":{"line":35,"column":5}},"2":{"start":{"line":9,"column":31},"end":{"line":9,"column":77}},"3":{"start":{"line":10,"column":24},"end":{"line":10,"column":72}},"4":{"start":{"line":11,"column":8},"end":{"line":32,"column":5}},"5":{"start":{"line":12,"column":8},"end":{"line":12,"column":82}},"6":{"start":{"line":14,"column":23},"end":{"line":14,"column":47}},"7":{"start":{"line":15,"column":33},"end":{"line":15,"column":80}},"8":{"start":{"line":16,"column":18},"end":{"line":21,"column":10}},"9":{"start":{"line":22,"column":8},"end":{"line":31,"column":37}},"10":{"start":{"line":23,"column":20},"end":{"line":30,"column":11}},"11":{"start":{"line":31,"column":20},"end":{"line":31,"column":36}},"12":{"start":{"line":34,"column":8},"end":{"line":34,"column":69}},"13":{"start":{"line":39,"column":16},"end":{"line":59,"column":1}},"14":{"start":{"line":40,"column":4},"end":{"line":58,"column":5}},"15":{"start":{"line":41,"column":29},"end":{"line":41,"column":74}},"16":{"start":{"line":42,"column":29},"end":{"line":42,"column":43}},"17":{"start":{"line":43,"column":17},"end":{"line":43,"column":44}},"18":{"start":{"line":44,"column":7},"end":{"line":54,"column":79}},"19":{"start":{"line":46,"column":11},"end":{"line":52,"column":11}},"20":{"start":{"line":54,"column":12},"end":{"line":54,"column":79}},"21":{"start":{"line":57,"column":8},"end":{"line":57,"column":61}},"22":{"start":{"line":63,"column":20},"end":{"line":65,"column":1}},"23":{"start":{"line":64,"column":4},"end":{"line":64,"column":61}},"24":{"start":{"line":67,"column":0},"end":{"line":69,"column":1}}},"fnMap":{"0":{"name":"(anonymous_0)","decl":{"start":{"line":7,"column":21},"end":{"line":7,"column":22}},"loc":{"start":{"line":7,"column":37},"end":{"line":36,"column":1}},"line":7},"1":{"name":"(anonymous_1)","decl":{"start":{"line":23,"column":14},"end":{"line":23,"column":15}},"loc":{"start":{"line":23,"column":20},"end":{"line":30,"column":11}},"line":23},"2":{"name":"(anonymous_2)","decl":{"start":{"line":31,"column":15},"end":{"line":31,"column":16}},"loc":{"start":{"line":31,"column":20},"end":{"line":31,"column":36}},"line":31},"3":{"name":"(anonymous_3)","decl":{"start":{"line":39,"column":16},"end":{"line":39,"column":17}},"loc":{"start":{"line":39,"column":33},"end":{"line":59,"column":1}},"line":39},"4":{"name":"(anonymous_4)","decl":{"start":{"line":63,"column":20},"end":{"line":63,"column":21}},"loc":{"start":{"line":63,"column":26},"end":{"line":65,"column":1}},"line":63}},"branchMap":{"0":{"loc":{"start":{"line":11,"column":8},"end":{"line":32,"column":5}},"type":"if","locations":[{"start":{"line":11,"column":8},"end":{"line":32,"column":5}},{"start":{"line":13,"column":12},"end":{"line":32,"column":5}}],"line":11},"1":{"loc":{"start":{"line":44,"column":7},"end":{"line":54,"column":79}},"type":"if","locations":[{"start":{"line":44,"column":7},"end":{"line":54,"column":79}},{"start":{"line":54,"column":12},"end":{"line":54,"column":79}}],"line":44},"2":{"loc":{"start":{"line":44,"column":10},"end":{"line":44,"column":64}},"type":"binary-expr","locations":[{"start":{"line":44,"column":10},"end":{"line":44,"column":14}},{"start":{"line":44,"column":19},"end":{"line":44,"column":63}}],"line":44}},"s":{"0":3,"1":4,"2":4,"3":4,"4":4,"5":0,"6":4,"7":4,"8":4,"9":4,"10":4,"11":0,"12":0,"13":3,"14":1,"15":1,"16":0,"17":0,"18":0,"19":0,"20":0,"21":1,"22":3,"23":4,"24":3},"f":{"0":4,"1":4,"2":0,"3":1,"4":4},"b":{"0":[0,4],"1":[0,0],"2":[0,0]},"_coverageSchema":"1a1c01bbd47fc00a2c39e90264f33305004495a9","hash":"fa44cacb9a250b450fe2877d4407c5dc17d7132a"}
,"/Users/andelarwanda/Documents/my_brand_api/src/helpers/photoupload.js": {"path":"/Users/andelarwanda/Documents/my_brand_api/src/helpers/photoupload.js","statementMap":{"0":{"start":{"line":4,"column":21},"end":{"line":16,"column":1}},"1":{"start":{"line":5,"column":4},"end":{"line":15,"column":5}},"2":{"start":{"line":6,"column":20},"end":{"line":6,"column":48}},"3":{"start":{"line":7,"column":23},"end":{"line":11,"column":9}},"4":{"start":{"line":10,"column":27},"end":{"line":10,"column":33}},"5":{"start":{"line":12,"column":8},"end":{"line":12,"column":22}},"6":{"start":{"line":14,"column":8},"end":{"line":14,"column":27}},"7":{"start":{"line":19,"column":0},"end":{"line":19,"column":30}}},"fnMap":{"0":{"name":"(anonymous_0)","decl":{"start":{"line":4,"column":21},"end":{"line":4,"column":22}},"loc":{"start":{"line":4,"column":36},"end":{"line":16,"column":1}},"line":4},"1":{"name":"(anonymous_1)","decl":{"start":{"line":10,"column":12},"end":{"line":10,"column":13}},"loc":{"start":{"line":10,"column":27},"end":{"line":10,"column":33}},"line":10}},"branchMap":{},"s":{"0":3,"1":1,"2":1,"3":1,"4":0,"5":1,"6":0,"7":3},"f":{"0":1,"1":0},"b":{},"_coverageSchema":"1a1c01bbd47fc00a2c39e90264f33305004495a9","hash":"c617764e7d0fc218b3313468de92cf45582af4d3"}
,"/Users/andelarwanda/Documents/my_brand_api/src/helpers/validation.js": {"path":"/Users/andelarwanda/Documents/my_brand_api/src/helpers/validation.js","statementMap":{"0":{"start":{"line":4,"column":20},"end":{"line":7,"column":2}},"1":{"start":{"line":9,"column":26},"end":{"line":13,"column":2}},"2":{"start":{"line":15,"column":23},"end":{"line":20,"column":2}},"3":{"start":{"line":21,"column":22},"end":{"line":24,"column":2}},"4":{"start":{"line":25,"column":20},"end":{"line":29,"column":2}},"5":{"start":{"line":31,"column":0},"end":{"line":33,"column":1}}},"fnMap":{},"branchMap":{},"s":{"0":3,"1":3,"2":3,"3":3,"4":3,"5":3},"f":{},"b":{},"_coverageSchema":"1a1c01bbd47fc00a2c39e90264f33305004495a9","hash":"4bef73dce7d567788e8e772d1c602d24a2918049"}
,"/Users/andelarwanda/Documents/my_brand_api/src/middleware/passport.js": {"path":"/Users/andelarwanda/Documents/my_brand_api/src/middleware/passport.js","statementMap":{"0":{"start":{"line":3,"column":20},"end":{"line":3,"column":40}},"1":{"start":{"line":4,"column":19},"end":{"line":4,"column":41}},"2":{"start":{"line":7,"column":11},"end":{"line":7,"column":13}},"3":{"start":{"line":8,"column":0},"end":{"line":8,"column":63}},"4":{"start":{"line":9,"column":0},"end":{"line":9,"column":37}},"5":{"start":{"line":11,"column":0},"end":{"line":24,"column":4}},"6":{"start":{"line":13,"column":4},"end":{"line":23,"column":7}},"7":{"start":{"line":14,"column":8},"end":{"line":16,"column":9}},"8":{"start":{"line":15,"column":12},"end":{"line":15,"column":36}},"9":{"start":{"line":17,"column":8},"end":{"line":22,"column":9}},"10":{"start":{"line":18,"column":12},"end":{"line":18,"column":36}},"11":{"start":{"line":20,"column":12},"end":{"line":20,"column":37}}},"fnMap":{"0":{"name":"(anonymous_0)","decl":{"start":{"line":11,"column":35},"end":{"line":11,"column":36}},"loc":{"start":{"line":11,"column":63},"end":{"line":24,"column":1}},"line":11},"1":{"name":"(anonymous_1)","decl":{"start":{"line":13,"column":44},"end":{"line":13,"column":45}},"loc":{"start":{"line":13,"column":64},"end":{"line":23,"column":5}},"line":13}},"branchMap":{"0":{"loc":{"start":{"line":14,"column":8},"end":{"line":16,"column":9}},"type":"if","locations":[{"start":{"line":14,"column":8},"end":{"line":16,"column":9}},{"start":{},"end":{}}],"line":14},"1":{"loc":{"start":{"line":17,"column":8},"end":{"line":22,"column":9}},"type":"if","locations":[{"start":{"line":17,"column":8},"end":{"line":22,"column":9}},{"start":{"line":19,"column":15},"end":{"line":22,"column":9}}],"line":17}},"s":{"0":3,"1":3,"2":3,"3":3,"4":3,"5":3,"6":2,"7":2,"8":0,"9":2,"10":2,"11":0},"f":{"0":2,"1":2},"b":{"0":[0,2],"1":[2,0]},"_coverageSchema":"1a1c01bbd47fc00a2c39e90264f33305004495a9","hash":"10afc008b1ef34efc6336d48ecffed3e4c9fc941"}
,"/Users/andelarwanda/Documents/my_brand_api/src/models/article.js": {"path":"/Users/andelarwanda/Documents/my_brand_api/src/models/article.js","statementMap":{"0":{"start":{"line":4,"column":15},"end":{"line":48,"column":1}},"1":{"start":{"line":50,"column":0},"end":{"line":50,"column":50}}},"fnMap":{},"branchMap":{},"s":{"0":3,"1":3},"f":{},"b":{},"_coverageSchema":"1a1c01bbd47fc00a2c39e90264f33305004495a9","hash":"8e1c6e0aad5aae82997b77387519ccf7b67237b2"}
,"/Users/andelarwanda/Documents/my_brand_api/src/models/message.js": {"path":"/Users/andelarwanda/Documents/my_brand_api/src/models/message.js","statementMap":{"0":{"start":{"line":3,"column":15},"end":{"line":20,"column":1}},"1":{"start":{"line":22,"column":0},"end":{"line":22,"column":50}}},"fnMap":{},"branchMap":{},"s":{"0":3,"1":3},"f":{},"b":{},"_coverageSchema":"1a1c01bbd47fc00a2c39e90264f33305004495a9","hash":"8c9ff687d9547987462b205cf78cb1dc602a09f8"}
,"/Users/andelarwanda/Documents/my_brand_api/src/models/userModel.js": {"path":"/Users/andelarwanda/Documents/my_brand_api/src/models/userModel.js","statementMap":{"0":{"start":{"line":4,"column":15},"end":{"line":22,"column":2}},"1":{"start":{"line":24,"column":0},"end":{"line":24,"column":44}}},"fnMap":{},"branchMap":{},"s":{"0":3,"1":3},"f":{},"b":{},"_coverageSchema":"1a1c01bbd47fc00a2c39e90264f33305004495a9","hash":"dd007168290a9235746d026ad2c67126d61ea835"}
,"/Users/andelarwanda/Documents/my_brand_api/src/routers/articleRouter.js": {"path":"/Users/andelarwanda/Documents/my_brand_api/src/routers/articleRouter.js","statementMap":{"0":{"start":{"line":6,"column":15},"end":{"line":6,"column":31}},"1":{"start":{"line":9,"column":0},"end":{"line":9,"column":30}},"2":{"start":{"line":10,"column":0},"end":{"line":10,"column":32}},"3":{"start":{"line":12,"column":0},"end":{"line":12,"column":85}},"4":{"start":{"line":14,"column":0},"end":{"line":14,"column":104}},"5":{"start":{"line":15,"column":0},"end":{"line":15,"column":93}},"6":{"start":{"line":16,"column":0},"end":{"line":16,"column":84}},"7":{"start":{"line":17,"column":0},"end":{"line":17,"column":88}},"8":{"start":{"line":22,"column":0},"end":{"line":22,"column":24}}},"fnMap":{},"branchMap":{},"s":{"0":3,"1":3,"2":3,"3":3,"4":3,"5":3,"6":3,"7":3,"8":3},"f":{},"b":{},"_coverageSchema":"1a1c01bbd47fc00a2c39e90264f33305004495a9","hash":"cf334c3adef2c41aeded9ada050f6915052a0f5b"}
,"/Users/andelarwanda/Documents/my_brand_api/src/routers/index.js": {"path":"/Users/andelarwanda/Documents/my_brand_api/src/routers/index.js","statementMap":{"0":{"start":{"line":2,"column":15},"end":{"line":2,"column":31}},"1":{"start":{"line":6,"column":0},"end":{"line":6,"column":31}},"2":{"start":{"line":7,"column":0},"end":{"line":7,"column":27}},"3":{"start":{"line":8,"column":0},"end":{"line":8,"column":30}},"4":{"start":{"line":10,"column":0},"end":{"line":10,"column":21}}},"fnMap":{},"branchMap":{},"s":{"0":3,"1":3,"2":3,"3":3,"4":3},"f":{},"b":{},"_coverageSchema":"1a1c01bbd47fc00a2c39e90264f33305004495a9","hash":"67da57fe2d54c496572a0299397e1e37ed5560b5"}
,"/Users/andelarwanda/Documents/my_brand_api/src/routers/messageRouter.js": {"path":"/Users/andelarwanda/Documents/my_brand_api/src/routers/messageRouter.js","statementMap":{"0":{"start":{"line":3,"column":15},"end":{"line":3,"column":31}},"1":{"start":{"line":6,"column":0},"end":{"line":6,"column":79}},"2":{"start":{"line":7,"column":0},"end":{"line":7,"column":39}},"3":{"start":{"line":8,"column":0},"end":{"line":8,"column":91}},"4":{"start":{"line":11,"column":0},"end":{"line":11,"column":24}}},"fnMap":{},"branchMap":{},"s":{"0":3,"1":3,"2":3,"3":3,"4":3},"f":{},"b":{},"_coverageSchema":"1a1c01bbd47fc00a2c39e90264f33305004495a9","hash":"4278e255011ebcc5ef2e728040b7ccb88bb6d5ab"}
,"/Users/andelarwanda/Documents/my_brand_api/src/routers/userRouter.js": {"path":"/Users/andelarwanda/Documents/my_brand_api/src/routers/userRouter.js","statementMap":{"0":{"start":{"line":3,"column":15},"end":{"line":3,"column":31}},"1":{"start":{"line":4,"column":0},"end":{"line":4,"column":31}},"2":{"start":{"line":5,"column":0},"end":{"line":5,"column":36}},"3":{"start":{"line":6,"column":0},"end":{"line":6,"column":21}}},"fnMap":{},"branchMap":{},"s":{"0":3,"1":3,"2":3,"3":3},"f":{},"b":{},"_coverageSchema":"1a1c01bbd47fc00a2c39e90264f33305004495a9","hash":"6c3184297b20282a98848e43cd50b79d0d730983"}
}
