TN:
SF:src/app.js
FN:19,(anonymous_0)
FNF:1
FNH:1
FNDA:1,(anonymous_0)
DA:5,1
DA:8,1
DA:11,1
DA:12,1
DA:13,1
DA:17,1
DA:19,1
DA:21,1
DA:25,1
LF:9
LH:9
BRDA:8,0,0,1
BRDA:8,0,1,0
BRF:2
BRH:1
end_of_record
TN:
SF:src/config/cloudinary.js
FNF:0
FNH:0
DA:1,1
DA:3,1
DA:10,1
LF:3
LH:3
BRF:0
BRH:0
end_of_record
TN:
SF:src/config/db.config.js
FN:8,(anonymous_0)
FN:18,(anonymous_1)
FNF:2
FNH:2
FNDA:1,(anonymous_0)
FNDA:1,(anonymous_1)
DA:4,1
DA:8,1
DA:9,1
DA:18,1
LF:4
LH:4
BRDA:10,0,0,0
BRDA:10,0,1,1
BRDA:12,1,0,1
BRDA:12,1,1,0
BRF:4
BRH:2
end_of_record
TN:
SF:src/controllers/articleController.js
FN:16,(anonymous_0)
FN:18,(anonymous_1)
FN:24,(anonymous_2)
FN:30,(anonymous_3)
FN:46,(anonymous_4)
FN:49,(anonymous_5)
FN:55,(anonymous_6)
FN:65,(anonymous_7)
FN:73,(anonymous_8)
FN:77,(anonymous_9)
FN:83,(anonymous_10)
FN:84,(anonymous_11)
FN:87,(anonymous_12)
FN:95,(anonymous_13)
FN:104,(anonymous_14)
FN:108,(anonymous_15)
FN:114,(anonymous_16)
FN:117,(anonymous_17)
FN:125,(anonymous_18)
FN:132,(anonymous_19)
FN:138,(anonymous_20)
FN:146,(anonymous_21)
FN:151,(anonymous_22)
FN:152,(anonymous_23)
FN:156,(anonymous_24)
FN:160,(anonymous_25)
FN:168,(anonymous_26)
FN:171,(anonymous_27)
FN:173,(anonymous_28)
FN:180,(anonymous_29)
FN:181,(anonymous_30)
FN:185,(anonymous_31)
FN:189,(anonymous_32)
FN:192,(anonymous_33)
FN:198,(anonymous_34)
FNF:35
FNH:0
FNDA:0,(anonymous_0)
FNDA:0,(anonymous_1)
FNDA:0,(anonymous_2)
FNDA:0,(anonymous_3)
FNDA:0,(anonymous_4)
FNDA:0,(anonymous_5)
FNDA:0,(anonymous_6)
FNDA:0,(anonymous_7)
FNDA:0,(anonymous_8)
FNDA:0,(anonymous_9)
FNDA:0,(anonymous_10)
FNDA:0,(anonymous_11)
FNDA:0,(anonymous_12)
FNDA:0,(anonymous_13)
FNDA:0,(anonymous_14)
FNDA:0,(anonymous_15)
FNDA:0,(anonymous_16)
FNDA:0,(anonymous_17)
FNDA:0,(anonymous_18)
FNDA:0,(anonymous_19)
FNDA:0,(anonymous_20)
FNDA:0,(anonymous_21)
FNDA:0,(anonymous_22)
FNDA:0,(anonymous_23)
FNDA:0,(anonymous_24)
FNDA:0,(anonymous_25)
FNDA:0,(anonymous_26)
FNDA:0,(anonymous_27)
FNDA:0,(anonymous_28)
FNDA:0,(anonymous_29)
FNDA:0,(anonymous_30)
FNDA:0,(anonymous_31)
FNDA:0,(anonymous_32)
FNDA:0,(anonymous_33)
FNDA:0,(anonymous_34)
DA:9,1
DA:10,1
DA:11,1
DA:12,1
DA:14,1
DA:16,1
DA:17,0
DA:19,0
DA:24,1
DA:26,0
DA:27,0
DA:28,0
DA:31,0
DA:33,0
DA:35,0
DA:41,0
DA:42,0
DA:43,0
DA:45,0
DA:47,0
DA:49,0
DA:53,0
DA:56,0
DA:60,0
DA:65,1
DA:66,0
DA:67,0
DA:68,0
DA:69,0
DA:71,0
DA:74,0
DA:76,0
DA:78,0
DA:79,0
DA:80,0
DA:81,0
DA:82,0
DA:83,0
DA:84,0
DA:88,0
DA:93,0
DA:96,0
DA:100,0
DA:104,1
DA:105,0
DA:106,0
DA:111,0
DA:113,0
DA:115,0
DA:118,0
DA:123,0
DA:126,0
DA:132,1
DA:133,0
DA:134,0
DA:136,0
DA:139,0
DA:145,0
DA:147,0
DA:149,0
DA:150,0
DA:151,0
DA:152,0
DA:154,0
DA:156,0
DA:160,1
DA:161,0
DA:162,0
DA:164,0
DA:167,0
DA:169,0
DA:171,0
DA:172,0
DA:173,0
DA:177,0
DA:179,0
DA:180,0
DA:181,0
DA:183,0
DA:185,0
DA:189,1
DA:190,0
DA:191,0
DA:193,0
DA:194,0
DA:196,0
DA:199,0
LF:87
LH:12
BRDA:33,0,0,0
BRDA:33,0,1,0
BRDA:41,1,0,0
BRDA:41,1,1,0
BRDA:74,2,0,0
BRDA:74,2,1,0
BRDA:78,3,0,0
BRDA:78,3,1,0
BRDA:80,4,0,0
BRDA:80,4,1,0
BRDA:111,5,0,0
BRDA:111,5,1,0
BRDA:147,6,0,0
BRDA:147,6,1,0
BRDA:169,7,0,0
BRDA:169,7,1,0
BRDA:172,8,0,0
BRDA:172,8,1,0
BRDA:193,9,0,0
BRDA:193,9,1,0
BRF:20
BRH:0
end_of_record
TN:
SF:src/controllers/messageController.js
FN:4,(anonymous_0)
FN:13,(anonymous_1)
FN:21,(anonymous_2)
FN:27,(anonymous_3)
FN:30,(anonymous_4)
FN:37,(anonymous_5)
FN:40,(anonymous_6)
FN:44,(anonymous_7)
FNF:8
FNH:0
FNDA:0,(anonymous_0)
FNDA:0,(anonymous_1)
FNDA:0,(anonymous_2)
FNDA:0,(anonymous_3)
FNDA:0,(anonymous_4)
FNDA:0,(anonymous_5)
FNDA:0,(anonymous_6)
FNDA:0,(anonymous_7)
DA:4,1
DA:5,0
DA:6,0
DA:7,0
DA:12,0
DA:14,0
DA:17,0
DA:21,1
DA:22,0
DA:26,0
DA:28,0
DA:30,0
DA:37,1
DA:38,0
DA:39,0
DA:41,0
DA:42,0
DA:44,0
DA:47,1
LF:19
LH:4
BRF:0
BRH:0
end_of_record
TN:
SF:src/controllers/userController.js
FN:7,(anonymous_0)
FN:23,(anonymous_1)
FN:31,(anonymous_2)
FN:39,(anonymous_3)
FN:64,(anonymous_4)
FNF:5
FNH:4
FNDA:2,(anonymous_0)
FNDA:2,(anonymous_1)
FNDA:0,(anonymous_2)
FNDA:1,(anonymous_3)
FNDA:2,(anonymous_4)
DA:7,1
DA:8,2
DA:9,2
DA:10,2
DA:11,2
DA:12,0
DA:14,2
DA:15,2
DA:16,2
DA:22,2
DA:23,2
DA:31,0
DA:34,0
DA:39,1
DA:40,1
DA:41,1
DA:42,0
DA:43,0
DA:44,0
DA:46,0
DA:54,0
DA:57,1
DA:64,1
DA:65,2
DA:68,1
LF:25
LH:17
BRDA:11,0,0,0
BRDA:11,0,1,2
BRDA:44,1,0,0
BRDA:44,1,1,0
BRDA:44,2,0,0
BRDA:44,2,1,0
BRF:6
BRH:1
end_of_record
TN:
SF:src/helpers/photoupload.js
FN:4,(anonymous_0)
FN:10,(anonymous_1)
FNF:2
FNH:0
FNDA:0,(anonymous_0)
FNDA:0,(anonymous_1)
DA:4,1
DA:5,0
DA:6,0
DA:7,0
DA:10,0
DA:12,0
DA:14,0
DA:19,1
LF:8
LH:2
BRF:0
BRH:0
end_of_record
TN:
SF:src/helpers/validation.js
FNF:0
FNH:0
DA:4,1
DA:9,1
DA:15,1
DA:21,1
DA:25,1
DA:31,1
LF:6
LH:6
BRF:0
BRH:0
end_of_record
TN:
SF:src/middleware/passport.js
FN:11,(anonymous_0)
FN:13,(anonymous_1)
FNF:2
FNH:0
FNDA:0,(anonymous_0)
FNDA:0,(anonymous_1)
DA:3,1
DA:4,1
DA:7,1
DA:8,1
DA:9,1
DA:11,1
DA:13,0
DA:14,0
DA:15,0
DA:17,0
DA:18,0
DA:20,0
LF:12
LH:6
BRDA:14,0,0,0
BRDA:14,0,1,0
BRDA:17,1,0,0
BRDA:17,1,1,0
BRF:4
BRH:0
end_of_record
TN:
SF:src/models/article.js
FNF:0
FNH:0
DA:4,1
DA:50,1
LF:2
LH:2
BRF:0
BRH:0
end_of_record
TN:
SF:src/models/message.js
FNF:0
FNH:0
DA:3,1
DA:22,1
LF:2
LH:2
BRF:0
BRH:0
end_of_record
TN:
SF:src/models/userModel.js
FNF:0
FNH:0
DA:4,1
DA:24,1
LF:2
LH:2
BRF:0
BRH:0
end_of_record
TN:
SF:src/routers/articleRouter.js
FNF:0
FNH:0
DA:6,1
DA:9,1
DA:10,1
DA:12,1
DA:14,1
DA:15,1
DA:16,1
DA:17,1
DA:22,1
LF:9
LH:9
BRF:0
BRH:0
end_of_record
TN:
SF:src/routers/index.js
FNF:0
FNH:0
DA:2,1
DA:6,1
DA:7,1
DA:8,1
DA:10,1
LF:5
LH:5
BRF:0
BRH:0
end_of_record
TN:
SF:src/routers/messageRouter.js
FNF:0
FNH:0
DA:3,1
DA:6,1
DA:7,1
DA:8,1
DA:11,1
LF:5
LH:5
BRF:0
BRH:0
end_of_record
TN:
SF:src/routers/userRouter.js
FNF:0
FNH:0
DA:3,1
DA:4,1
DA:5,1
DA:6,1
LF:4
LH:4
BRF:0
BRH:0
end_of_record
