TN:
SF:src/app.js
FNF:0
FNH:0
DA:5,3
DA:8,3
DA:9,3
DA:13,3
DA:15,3
DA:16,3
DA:17,3
DA:21,3
DA:22,3
DA:25,3
DA:26,0
DA:35,3
LF:12
LH:11
BRDA:9,0,0,3
BRDA:9,0,1,0
BRDA:25,1,0,0
BRDA:25,1,1,3
BRF:4
BRH:2
end_of_record
TN:
SF:src/api_documentation/index.doc.js
FNF:0
FNH:0
DA:1,3
DA:2,3
DA:4,3
DA:6,3
DA:7,3
DA:10,3
DA:465,3
DA:467,3
LF:8
LH:8
BRDA:18,0,0,0
BRDA:18,0,1,3
BRF:2
BRH:1
end_of_record
TN:
SF:src/config/cloudinary.js
FNF:0
FNH:0
DA:1,3
DA:3,3
DA:10,3
LF:3
LH:3
BRF:0
BRH:0
end_of_record
TN:
SF:src/config/db.config.js
FN:8,(anonymous_0)
FN:17,(anonymous_1)
FNF:2
FNH:2
FNDA:3,(anonymous_0)
FNDA:3,(anonymous_1)
DA:4,3
DA:8,3
DA:9,3
DA:17,3
LF:4
LH:4
BRDA:10,0,0,0
BRDA:10,0,1,3
BRDA:12,1,0,3
BRDA:12,1,1,0
BRF:4
BRH:2
end_of_record
TN:
SF:src/controllers/articleController.js
FN:16,(anonymous_0)
FN:18,(anonymous_1)
FN:24,(anonymous_2)
FN:29,(anonymous_3)
FN:45,(anonymous_4)
FN:48,(anonymous_5)
FN:54,(anonymous_6)
FN:64,(anonymous_7)
FN:72,(anonymous_8)
FN:76,(anonymous_9)
FN:82,(anonymous_10)
FN:83,(anonymous_11)
FN:86,(anonymous_12)
FN:94,(anonymous_13)
FN:103,(anonymous_14)
FN:107,(anonymous_15)
FN:113,(anonymous_16)
FN:116,(anonymous_17)
FN:124,(anonymous_18)
FN:131,(anonymous_19)
FN:137,(anonymous_20)
FN:145,(anonymous_21)
FN:150,(anonymous_22)
FN:151,(anonymous_23)
FN:155,(anonymous_24)
FN:159,(anonymous_25)
FN:167,(anonymous_26)
FN:170,(anonymous_27)
FN:172,(anonymous_28)
FN:179,(anonymous_29)
FN:180,(anonymous_30)
FN:184,(anonymous_31)
FN:188,(anonymous_32)
FN:191,(anonymous_33)
FN:197,(anonymous_34)
FNF:35
FNH:21
FNDA:6,(anonymous_0)
FNDA:6,(anonymous_1)
FNDA:2,(anonymous_2)
FNDA:2,(anonymous_3)
FNDA:2,(anonymous_4)
FNDA:0,(anonymous_5)
FNDA:0,(anonymous_6)
FNDA:1,(anonymous_7)
FNDA:1,(anonymous_8)
FNDA:1,(anonymous_9)
FNDA:1,(anonymous_10)
FNDA:0,(anonymous_11)
FNDA:0,(anonymous_12)
FNDA:0,(anonymous_13)
FNDA:1,(anonymous_14)
FNDA:1,(anonymous_15)
FNDA:1,(anonymous_16)
FNDA:0,(anonymous_17)
FNDA:0,(anonymous_18)
FNDA:1,(anonymous_19)
FNDA:1,(anonymous_20)
FNDA:1,(anonymous_21)
FNDA:1,(anonymous_22)
FNDA:0,(anonymous_23)
FNDA:0,(anonymous_24)
FNDA:1,(anonymous_25)
FNDA:1,(anonymous_26)
FNDA:0,(anonymous_27)
FNDA:0,(anonymous_28)
FNDA:1,(anonymous_29)
FNDA:0,(anonymous_30)
FNDA:0,(anonymous_31)
FNDA:1,(anonymous_32)
FNDA:1,(anonymous_33)
FNDA:0,(anonymous_34)
DA:9,3
DA:10,3
DA:11,3
DA:12,3
DA:14,3
DA:16,3
DA:17,6
DA:19,6
DA:24,3
DA:25,2
DA:26,2
DA:27,2
DA:32,2
DA:34,2
DA:40,2
DA:41,1
DA:42,1
DA:44,2
DA:46,2
DA:48,0
DA:52,0
DA:55,0
DA:59,0
DA:64,3
DA:65,1
DA:66,1
DA:67,1
DA:68,1
DA:70,1
DA:73,1
DA:75,1
DA:77,1
DA:78,1
DA:79,1
DA:80,1
DA:81,1
DA:82,1
DA:83,0
DA:87,0
DA:92,0
DA:95,0
DA:99,0
DA:103,3
DA:104,1
DA:105,1
DA:110,1
DA:112,1
DA:114,1
DA:117,0
DA:122,0
DA:125,0
DA:131,3
DA:132,1
DA:133,1
DA:135,1
DA:138,1
DA:144,1
DA:146,1
DA:148,1
DA:149,1
DA:150,1
DA:151,0
DA:153,0
DA:155,0
DA:159,3
DA:160,1
DA:161,1
DA:163,1
DA:166,1
DA:168,1
DA:170,1
DA:171,1
DA:172,0
DA:176,1
DA:178,1
DA:179,1
DA:180,0
DA:182,0
DA:184,0
DA:188,3
DA:189,1
DA:190,1
DA:192,1
DA:193,1
DA:195,0
DA:198,0
LF:86
LH:65
BRDA:32,0,0,2
BRDA:32,0,1,0
BRDA:40,1,0,1
BRDA:40,1,1,1
BRDA:73,2,0,1
BRDA:73,2,1,0
BRDA:77,3,0,1
BRDA:77,3,1,0
BRDA:79,4,0,1
BRDA:79,4,1,0
BRDA:110,5,0,1
BRDA:110,5,1,0
BRDA:146,6,0,1
BRDA:146,6,1,0
BRDA:168,7,0,1
BRDA:168,7,1,0
BRDA:171,8,0,0
BRDA:171,8,1,1
BRDA:192,9,0,1
BRDA:192,9,1,0
BRF:20
BRH:11
end_of_record
TN:
SF:src/controllers/messageController.js
FN:4,(anonymous_0)
FN:13,(anonymous_1)
FN:21,(anonymous_2)
FN:23,(anonymous_3)
FN:26,(anonymous_4)
FN:30,(anonymous_5)
FN:33,(anonymous_6)
FN:37,(anonymous_7)
FNF:8
FNH:4
FNDA:1,(anonymous_0)
FNDA:1,(anonymous_1)
FNDA:1,(anonymous_2)
FNDA:1,(anonymous_3)
FNDA:0,(anonymous_4)
FNDA:0,(anonymous_5)
FNDA:0,(anonymous_6)
FNDA:0,(anonymous_7)
DA:4,3
DA:5,1
DA:6,1
DA:7,1
DA:12,1
DA:14,1
DA:17,0
DA:21,3
DA:22,1
DA:24,1
DA:26,0
DA:30,3
DA:31,0
DA:32,0
DA:34,0
DA:35,0
DA:37,0
DA:40,3
LF:18
LH:11
BRF:0
BRH:0
end_of_record
TN:
SF:src/controllers/userController.js
FN:7,(anonymous_0)
FN:23,(anonymous_1)
FN:31,(anonymous_2)
FN:39,(anonymous_3)
FN:63,(anonymous_4)
FNF:5
FNH:4
FNDA:8,(anonymous_0)
FNDA:4,(anonymous_1)
FNDA:0,(anonymous_2)
FNDA:5,(anonymous_3)
FNDA:8,(anonymous_4)
DA:7,3
DA:8,8
DA:9,8
DA:10,8
DA:11,8
DA:12,4
DA:14,4
DA:15,4
DA:16,4
DA:22,4
DA:23,4
DA:31,0
DA:34,0
DA:39,3
DA:40,5
DA:41,5
DA:42,4
DA:43,4
DA:44,4
DA:46,4
DA:54,0
DA:57,1
DA:63,3
DA:64,8
DA:67,3
LF:25
LH:22
BRDA:11,0,0,4
BRDA:11,0,1,4
BRDA:44,1,0,4
BRDA:44,1,1,0
BRDA:44,2,0,4
BRDA:44,2,1,4
BRF:6
BRH:5
end_of_record
TN:
SF:src/helpers/photoupload.js
FN:4,(anonymous_0)
FN:10,(anonymous_1)
FNF:2
FNH:1
FNDA:1,(anonymous_0)
FNDA:0,(anonymous_1)
DA:4,3
DA:5,1
DA:6,1
DA:7,1
DA:10,0
DA:12,1
DA:14,0
DA:19,3
LF:8
LH:6
BRF:0
BRH:0
end_of_record
TN:
SF:src/helpers/validation.js
FNF:0
FNH:0
DA:4,3
DA:9,3
DA:15,3
DA:21,3
DA:25,3
DA:31,3
LF:6
LH:6
BRF:0
BRH:0
end_of_record
TN:
SF:src/middleware/passport.js
FN:11,(anonymous_0)
FN:13,(anonymous_1)
FNF:2
FNH:2
FNDA:7,(anonymous_0)
FNDA:7,(anonymous_1)
DA:3,3
DA:4,3
DA:7,3
DA:8,3
DA:9,3
DA:11,3
DA:13,7
DA:14,7
DA:15,0
DA:17,7
DA:18,7
DA:20,0
LF:12
LH:10
BRDA:14,0,0,0
BRDA:14,0,1,7
BRDA:17,1,0,7
BRDA:17,1,1,0
BRF:4
BRH:2
end_of_record
TN:
SF:src/models/article.js
FNF:0
FNH:0
DA:4,3
DA:50,3
LF:2
LH:2
BRF:0
BRH:0
end_of_record
TN:
SF:src/models/message.js
FNF:0
FNH:0
DA:3,3
DA:22,3
LF:2
LH:2
BRF:0
BRH:0
end_of_record
TN:
SF:src/models/userModel.js
FNF:0
FNH:0
DA:4,3
DA:24,3
LF:2
LH:2
BRF:0
BRH:0
end_of_record
TN:
SF:src/routers/articleRouter.js
FNF:0
FNH:0
DA:6,3
DA:9,3
DA:10,3
DA:12,3
DA:14,3
DA:15,3
DA:16,3
DA:17,3
DA:22,3
LF:9
LH:9
BRF:0
BRH:0
end_of_record
TN:
SF:src/routers/index.js
FNF:0
FNH:0
DA:2,3
DA:6,3
DA:7,3
DA:8,3
DA:10,3
LF:5
LH:5
BRF:0
BRH:0
end_of_record
TN:
SF:src/routers/messageRouter.js
FNF:0
FNH:0
DA:3,3
DA:6,3
DA:7,3
DA:8,3
DA:11,3
LF:5
LH:5
BRF:0
BRH:0
end_of_record
TN:
SF:src/routers/userRouter.js
FNF:0
FNH:0
DA:3,3
DA:4,3
DA:5,3
DA:6,3
LF:4
LH:4
BRF:0
BRH:0
end_of_record
